{"C:\\Users\\aysey\\OneDrive\\Masaüstü\\BIM539-Project\\src\\app.js": {"path":"C:\\Users\\aysey\\OneDrive\\Masaüstü\\BIM539-Project\\src\\app.js","statementMap":{"0":{"start":{"line":11,"column":19},"end":{"line":11,"column":28}},"1":{"start":{"line":13,"column":0},"end":{"line":13,"column":16}},"2":{"start":{"line":14,"column":0},"end":{"line":14,"column":24}},"3":{"start":{"line":15,"column":0},"end":{"line":15,"column":23}},"4":{"start":{"line":18,"column":0},"end":{"line":18,"column":68}},"5":{"start":{"line":20,"column":0},"end":{"line":20,"column":24}},"6":{"start":{"line":22,"column":0},"end":{"line":24,"column":3}},"7":{"start":{"line":23,"column":2},"end":{"line":23,"column":55}}},"fnMap":{"0":{"name":"(anonymous_0)","decl":{"start":{"line":22,"column":8},"end":{"line":22,"column":9}},"loc":{"start":{"line":22,"column":22},"end":{"line":24,"column":1}},"line":22}},"branchMap":{},"s":{"0":7,"1":7,"2":7,"3":7,"4":7,"5":7,"6":7,"7":0},"f":{"0":0},"b":{},"_coverageSchema":"1a1c01bbd47fc00a2c39e90264f33305004495a9","hash":"a35acbdabbfb1ffff669485cdf200280e2856c65"}
,"C:\\Users\\aysey\\OneDrive\\Masaüstü\\BIM539-Project\\src\\server.js": {"path":"C:\\Users\\aysey\\OneDrive\\Masaüstü\\BIM539-Project\\src\\server.js","statementMap":{"0":{"start":{"line":4,"column":0},"end":{"line":7,"column":3}},"1":{"start":{"line":5,"column":2},"end":{"line":5,"column":59}},"2":{"start":{"line":6,"column":2},"end":{"line":6,"column":64}}},"fnMap":{"0":{"name":"(anonymous_0)","decl":{"start":{"line":4,"column":21},"end":{"line":4,"column":22}},"loc":{"start":{"line":4,"column":27},"end":{"line":7,"column":1}},"line":4}},"branchMap":{},"s":{"0":0,"1":0,"2":0},"f":{"0":0},"b":{}}
,"C:\\Users\\aysey\\OneDrive\\Masaüstü\\BIM539-Project\\src\\config\\db.js": {"path":"C:\\Users\\aysey\\OneDrive\\Masaüstü\\BIM539-Project\\src\\config\\db.js","statementMap":{"0":{"start":{"line":4,"column":13},"end":{"line":10,"column":2}},"1":{"start":{"line":12,"column":21},"end":{"line":12,"column":63}},"2":{"start":{"line":12,"column":39},"end":{"line":12,"column":63}},"3":{"start":{"line":13,"column":23},"end":{"line":13,"column":39}},"4":{"start":{"line":13,"column":29},"end":{"line":13,"column":39}}},"fnMap":{"0":{"name":"(anonymous_0)","decl":{"start":{"line":12,"column":21},"end":{"line":12,"column":22}},"loc":{"start":{"line":12,"column":39},"end":{"line":12,"column":63}},"line":12},"1":{"name":"(anonymous_1)","decl":{"start":{"line":13,"column":23},"end":{"line":13,"column":24}},"loc":{"start":{"line":13,"column":29},"end":{"line":13,"column":39}},"line":13}},"branchMap":{},"s":{"0":12,"1":12,"2":364,"3":12,"4":12},"f":{"0":364,"1":12},"b":{},"_coverageSchema":"1a1c01bbd47fc00a2c39e90264f33305004495a9","hash":"9ea774245057de6040397f2caa3d885ce0e24720"}
,"C:\\Users\\aysey\\OneDrive\\Masaüstü\\BIM539-Project\\src\\config\\env.js": {"path":"C:\\Users\\aysey\\OneDrive\\Masaüstü\\BIM539-Project\\src\\config\\env.js","statementMap":{"0":{"start":{"line":3,"column":0},"end":{"line":3,"column":16}},"1":{"start":{"line":6,"column":2},"end":{"line":9,"column":3}},"2":{"start":{"line":7,"column":14},"end":{"line":7,"column":28}},"3":{"start":{"line":8,"column":4},"end":{"line":8,"column":60}},"4":{"start":{"line":8,"column":51},"end":{"line":8,"column":60}},"5":{"start":{"line":10,"column":2},"end":{"line":10,"column":19}},"6":{"start":{"line":14,"column":12},"end":{"line":14,"column":26}},"7":{"start":{"line":15,"column":2},"end":{"line":17,"column":3}},"8":{"start":{"line":16,"column":4},"end":{"line":16,"column":58}},"9":{"start":{"line":18,"column":2},"end":{"line":18,"column":11}},"10":{"start":{"line":21,"column":19},"end":{"line":36,"column":1}}},"fnMap":{"0":{"name":"pick","decl":{"start":{"line":5,"column":9},"end":{"line":5,"column":13}},"loc":{"start":{"line":5,"column":24},"end":{"line":11,"column":1}},"line":5},"1":{"name":"req","decl":{"start":{"line":13,"column":9},"end":{"line":13,"column":12}},"loc":{"start":{"line":13,"column":23},"end":{"line":19,"column":1}},"line":13}},"branchMap":{"0":{"loc":{"start":{"line":8,"column":4},"end":{"line":8,"column":60}},"type":"if","locations":[{"start":{"line":8,"column":4},"end":{"line":8,"column":60}},{"start":{},"end":{}}],"line":8},"1":{"loc":{"start":{"line":8,"column":8},"end":{"line":8,"column":49}},"type":"binary-expr","locations":[{"start":{"line":8,"column":8},"end":{"line":8,"column":23}},{"start":{"line":8,"column":27},"end":{"line":8,"column":37}},{"start":{"line":8,"column":41},"end":{"line":8,"column":49}}],"line":8},"2":{"loc":{"start":{"line":15,"column":2},"end":{"line":17,"column":3}},"type":"if","locations":[{"start":{"line":15,"column":2},"end":{"line":17,"column":3}},{"start":{},"end":{}}],"line":15},"3":{"loc":{"start":{"line":22,"column":11},"end":{"line":22,"column":48}},"type":"binary-expr","locations":[{"start":{"line":22,"column":11},"end":{"line":22,"column":31}},{"start":{"line":22,"column":35},"end":{"line":22,"column":48}}],"line":22},"4":{"loc":{"start":{"line":23,"column":15},"end":{"line":23,"column":39}},"type":"binary-expr","locations":[{"start":{"line":23,"column":15},"end":{"line":23,"column":31}},{"start":{"line":23,"column":35},"end":{"line":23,"column":39}}],"line":23},"5":{"loc":{"start":{"line":32,"column":6},"end":{"line":34,"column":90}},"type":"binary-expr","locations":[{"start":{"line":32,"column":7},"end":{"line":34,"column":40}},{"start":{"line":34,"column":45},"end":{"line":34,"column":90}}],"line":32},"6":{"loc":{"start":{"line":32,"column":7},"end":{"line":34,"column":40}},"type":"cond-expr","locations":[{"start":{"line":33,"column":10},"end":{"line":33,"column":45}},{"start":{"line":34,"column":10},"end":{"line":34,"column":40}}],"line":32}},"s":{"0":12,"1":60,"2":120,"3":120,"4":60,"5":0,"6":48,"7":48,"8":0,"9":48,"10":12},"f":{"0":60,"1":48},"b":{"0":[60,60],"1":[120,60,60],"2":[0,48],"3":[12,0],"4":[12,0],"5":[12,0],"6":[12,0]},"_coverageSchema":"1a1c01bbd47fc00a2c39e90264f33305004495a9","hash":"5dbe0679c43009c8903f0ede13568ce7174e8b5e"}
,"C:\\Users\\aysey\\OneDrive\\Masaüstü\\BIM539-Project\\src\\controllers\\categories.controller.js": {"path":"C:\\Users\\aysey\\OneDrive\\Masaüstü\\BIM539-Project\\src\\controllers\\categories.controller.js","statementMap":{"0":{"start":{"line":4,"column":2},"end":{"line":9,"column":3}},"1":{"start":{"line":5,"column":23},"end":{"line":5,"column":53}},"2":{"start":{"line":6,"column":4},"end":{"line":6,"column":37}},"3":{"start":{"line":8,"column":4},"end":{"line":8,"column":12}},"4":{"start":{"line":13,"column":2},"end":{"line":20,"column":3}},"5":{"start":{"line":14,"column":15},"end":{"line":14,"column":36}},"6":{"start":{"line":15,"column":21},"end":{"line":15,"column":50}},"7":{"start":{"line":16,"column":4},"end":{"line":16,"column":82}},"8":{"start":{"line":16,"column":19},"end":{"line":16,"column":82}},"9":{"start":{"line":17,"column":4},"end":{"line":17,"column":35}},"10":{"start":{"line":19,"column":4},"end":{"line":19,"column":12}},"11":{"start":{"line":24,"column":2},"end":{"line":41,"column":3}},"12":{"start":{"line":25,"column":17},"end":{"line":25,"column":31}},"13":{"start":{"line":28,"column":20},"end":{"line":30,"column":5}},"14":{"start":{"line":32,"column":19},"end":{"line":32,"column":53}},"15":{"start":{"line":34,"column":4},"end":{"line":36,"column":5}},"16":{"start":{"line":35,"column":6},"end":{"line":35,"column":85}},"17":{"start":{"line":38,"column":4},"end":{"line":38,"column":38}},"18":{"start":{"line":40,"column":4},"end":{"line":40,"column":12}},"19":{"start":{"line":45,"column":2},"end":{"line":52,"column":3}},"20":{"start":{"line":46,"column":15},"end":{"line":46,"column":36}},"21":{"start":{"line":47,"column":19},"end":{"line":47,"column":59}},"22":{"start":{"line":48,"column":4},"end":{"line":48,"column":101}},"23":{"start":{"line":48,"column":22},"end":{"line":48,"column":101}},"24":{"start":{"line":49,"column":4},"end":{"line":49,"column":38}},"25":{"start":{"line":51,"column":4},"end":{"line":51,"column":12}},"26":{"start":{"line":56,"column":2},"end":{"line":63,"column":3}},"27":{"start":{"line":57,"column":15},"end":{"line":57,"column":36}},"28":{"start":{"line":58,"column":19},"end":{"line":58,"column":51}},"29":{"start":{"line":59,"column":4},"end":{"line":59,"column":101}},"30":{"start":{"line":59,"column":22},"end":{"line":59,"column":101}},"31":{"start":{"line":60,"column":4},"end":{"line":60,"column":38}},"32":{"start":{"line":62,"column":4},"end":{"line":62,"column":12}}},"fnMap":{"0":{"name":"list","decl":{"start":{"line":3,"column":22},"end":{"line":3,"column":26}},"loc":{"start":{"line":3,"column":43},"end":{"line":10,"column":1}},"line":3},"1":{"name":"getById","decl":{"start":{"line":12,"column":22},"end":{"line":12,"column":29}},"loc":{"start":{"line":12,"column":46},"end":{"line":21,"column":1}},"line":12},"2":{"name":"create","decl":{"start":{"line":23,"column":22},"end":{"line":23,"column":28}},"loc":{"start":{"line":23,"column":45},"end":{"line":42,"column":1}},"line":23},"3":{"name":"update","decl":{"start":{"line":44,"column":22},"end":{"line":44,"column":28}},"loc":{"start":{"line":44,"column":45},"end":{"line":53,"column":1}},"line":44},"4":{"name":"remove","decl":{"start":{"line":55,"column":22},"end":{"line":55,"column":28}},"loc":{"start":{"line":55,"column":45},"end":{"line":64,"column":1}},"line":55}},"branchMap":{"0":{"loc":{"start":{"line":16,"column":4},"end":{"line":16,"column":82}},"type":"if","locations":[{"start":{"line":16,"column":4},"end":{"line":16,"column":82}},{"start":{},"end":{}}],"line":16},"1":{"loc":{"start":{"line":25,"column":17},"end":{"line":25,"column":31}},"type":"binary-expr","locations":[{"start":{"line":25,"column":17},"end":{"line":25,"column":25}},{"start":{"line":25,"column":29},"end":{"line":25,"column":31}}],"line":25},"2":{"loc":{"start":{"line":29,"column":12},"end":{"line":29,"column":64}},"type":"binary-expr","locations":[{"start":{"line":29,"column":12},"end":{"line":29,"column":21}},{"start":{"line":29,"column":25},"end":{"line":29,"column":43}},{"start":{"line":29,"column":47},"end":{"line":29,"column":64}}],"line":29},"3":{"loc":{"start":{"line":34,"column":4},"end":{"line":36,"column":5}},"type":"if","locations":[{"start":{"line":34,"column":4},"end":{"line":36,"column":5}},{"start":{},"end":{}}],"line":34},"4":{"loc":{"start":{"line":48,"column":4},"end":{"line":48,"column":101}},"type":"if","locations":[{"start":{"line":48,"column":4},"end":{"line":48,"column":101}},{"start":{},"end":{}}],"line":48},"5":{"loc":{"start":{"line":59,"column":4},"end":{"line":59,"column":101}},"type":"if","locations":[{"start":{"line":59,"column":4},"end":{"line":59,"column":101}},{"start":{},"end":{}}],"line":59}},"s":{"0":1,"1":1,"2":1,"3":0,"4":3,"5":3,"6":3,"7":3,"8":2,"9":1,"10":0,"11":21,"12":21,"13":21,"14":21,"15":21,"16":1,"17":20,"18":0,"19":1,"20":1,"21":1,"22":1,"23":0,"24":1,"25":0,"26":1,"27":1,"28":1,"29":1,"30":0,"31":1,"32":0},"f":{"0":1,"1":3,"2":21,"3":1,"4":1},"b":{"0":[2,1],"1":[21,0],"2":[21,0,0],"3":[1,20],"4":[0,1],"5":[0,1]},"_coverageSchema":"1a1c01bbd47fc00a2c39e90264f33305004495a9","hash":"f0458e5cbecc07107c5711599de5797ae61d7038"}
,"C:\\Users\\aysey\\OneDrive\\Masaüstü\\BIM539-Project\\src\\controllers\\orders.controller.js": {"path":"C:\\Users\\aysey\\OneDrive\\Masaüstü\\BIM539-Project\\src\\controllers\\orders.controller.js","statementMap":{"0":{"start":{"line":4,"column":2},"end":{"line":9,"column":3}},"1":{"start":{"line":5,"column":19},"end":{"line":5,"column":45}},"2":{"start":{"line":6,"column":4},"end":{"line":6,"column":33}},"3":{"start":{"line":8,"column":4},"end":{"line":8,"column":12}},"4":{"start":{"line":13,"column":2},"end":{"line":20,"column":3}},"5":{"start":{"line":14,"column":15},"end":{"line":14,"column":36}},"6":{"start":{"line":15,"column":18},"end":{"line":15,"column":44}},"7":{"start":{"line":16,"column":4},"end":{"line":16,"column":76}},"8":{"start":{"line":16,"column":16},"end":{"line":16,"column":76}},"9":{"start":{"line":17,"column":4},"end":{"line":17,"column":32}},"10":{"start":{"line":19,"column":4},"end":{"line":19,"column":12}},"11":{"start":{"line":24,"column":2},"end":{"line":42,"column":3}},"12":{"start":{"line":25,"column":17},"end":{"line":25,"column":31}},"13":{"start":{"line":27,"column":20},"end":{"line":31,"column":5}},"14":{"start":{"line":33,"column":19},"end":{"line":33,"column":50}},"15":{"start":{"line":35,"column":4},"end":{"line":37,"column":5}},"16":{"start":{"line":36,"column":6},"end":{"line":36,"column":85}},"17":{"start":{"line":39,"column":4},"end":{"line":39,"column":38}},"18":{"start":{"line":41,"column":4},"end":{"line":41,"column":12}},"19":{"start":{"line":46,"column":2},"end":{"line":53,"column":3}},"20":{"start":{"line":47,"column":15},"end":{"line":47,"column":36}},"21":{"start":{"line":48,"column":19},"end":{"line":48,"column":56}},"22":{"start":{"line":49,"column":4},"end":{"line":49,"column":101}},"23":{"start":{"line":49,"column":22},"end":{"line":49,"column":101}},"24":{"start":{"line":50,"column":4},"end":{"line":50,"column":38}},"25":{"start":{"line":52,"column":4},"end":{"line":52,"column":12}},"26":{"start":{"line":57,"column":2},"end":{"line":64,"column":3}},"27":{"start":{"line":58,"column":15},"end":{"line":58,"column":36}},"28":{"start":{"line":59,"column":19},"end":{"line":59,"column":48}},"29":{"start":{"line":60,"column":4},"end":{"line":60,"column":101}},"30":{"start":{"line":60,"column":22},"end":{"line":60,"column":101}},"31":{"start":{"line":61,"column":4},"end":{"line":61,"column":38}},"32":{"start":{"line":63,"column":4},"end":{"line":63,"column":12}}},"fnMap":{"0":{"name":"list","decl":{"start":{"line":3,"column":22},"end":{"line":3,"column":26}},"loc":{"start":{"line":3,"column":43},"end":{"line":10,"column":1}},"line":3},"1":{"name":"getById","decl":{"start":{"line":12,"column":22},"end":{"line":12,"column":29}},"loc":{"start":{"line":12,"column":46},"end":{"line":21,"column":1}},"line":12},"2":{"name":"create","decl":{"start":{"line":23,"column":22},"end":{"line":23,"column":28}},"loc":{"start":{"line":23,"column":45},"end":{"line":43,"column":1}},"line":23},"3":{"name":"update","decl":{"start":{"line":45,"column":22},"end":{"line":45,"column":28}},"loc":{"start":{"line":45,"column":45},"end":{"line":54,"column":1}},"line":45},"4":{"name":"remove","decl":{"start":{"line":56,"column":22},"end":{"line":56,"column":28}},"loc":{"start":{"line":56,"column":45},"end":{"line":65,"column":1}},"line":56}},"branchMap":{"0":{"loc":{"start":{"line":16,"column":4},"end":{"line":16,"column":76}},"type":"if","locations":[{"start":{"line":16,"column":4},"end":{"line":16,"column":76}},{"start":{},"end":{}}],"line":16},"1":{"loc":{"start":{"line":25,"column":17},"end":{"line":25,"column":31}},"type":"binary-expr","locations":[{"start":{"line":25,"column":17},"end":{"line":25,"column":25}},{"start":{"line":25,"column":29},"end":{"line":25,"column":31}}],"line":25},"2":{"loc":{"start":{"line":28,"column":14},"end":{"line":28,"column":41}},"type":"binary-expr","locations":[{"start":{"line":28,"column":14},"end":{"line":28,"column":25}},{"start":{"line":28,"column":29},"end":{"line":28,"column":41}}],"line":28},"3":{"loc":{"start":{"line":35,"column":4},"end":{"line":37,"column":5}},"type":"if","locations":[{"start":{"line":35,"column":4},"end":{"line":37,"column":5}},{"start":{},"end":{}}],"line":35},"4":{"loc":{"start":{"line":49,"column":4},"end":{"line":49,"column":101}},"type":"if","locations":[{"start":{"line":49,"column":4},"end":{"line":49,"column":101}},{"start":{},"end":{}}],"line":49},"5":{"loc":{"start":{"line":60,"column":4},"end":{"line":60,"column":101}},"type":"if","locations":[{"start":{"line":60,"column":4},"end":{"line":60,"column":101}},{"start":{},"end":{}}],"line":60}},"s":{"0":2,"1":2,"2":2,"3":0,"4":3,"5":3,"6":3,"7":3,"8":2,"9":1,"10":0,"11":8,"12":8,"13":8,"14":8,"15":8,"16":1,"17":7,"18":0,"19":2,"20":2,"21":2,"22":2,"23":1,"24":1,"25":0,"26":1,"27":1,"28":1,"29":1,"30":0,"31":1,"32":0},"f":{"0":2,"1":3,"2":8,"3":2,"4":1},"b":{"0":[2,1],"1":[8,0],"2":[8,0],"3":[1,7],"4":[1,1],"5":[0,1]},"_coverageSchema":"1a1c01bbd47fc00a2c39e90264f33305004495a9","hash":"ec1ed953ab08438e7a264e2096e4fe829519c0e7"}
,"C:\\Users\\aysey\\OneDrive\\Masaüstü\\BIM539-Project\\src\\controllers\\products.controller.js": {"path":"C:\\Users\\aysey\\OneDrive\\Masaüstü\\BIM539-Project\\src\\controllers\\products.controller.js","statementMap":{"0":{"start":{"line":4,"column":2},"end":{"line":9,"column":3}},"1":{"start":{"line":5,"column":21},"end":{"line":5,"column":49}},"2":{"start":{"line":6,"column":4},"end":{"line":6,"column":35}},"3":{"start":{"line":8,"column":4},"end":{"line":8,"column":12}},"4":{"start":{"line":13,"column":2},"end":{"line":20,"column":3}},"5":{"start":{"line":14,"column":15},"end":{"line":14,"column":36}},"6":{"start":{"line":15,"column":20},"end":{"line":15,"column":48}},"7":{"start":{"line":16,"column":4},"end":{"line":16,"column":80}},"8":{"start":{"line":16,"column":18},"end":{"line":16,"column":80}},"9":{"start":{"line":17,"column":4},"end":{"line":17,"column":34}},"10":{"start":{"line":19,"column":4},"end":{"line":19,"column":12}},"11":{"start":{"line":24,"column":2},"end":{"line":42,"column":3}},"12":{"start":{"line":25,"column":17},"end":{"line":25,"column":31}},"13":{"start":{"line":27,"column":20},"end":{"line":31,"column":5}},"14":{"start":{"line":33,"column":19},"end":{"line":33,"column":52}},"15":{"start":{"line":35,"column":4},"end":{"line":37,"column":5}},"16":{"start":{"line":36,"column":6},"end":{"line":36,"column":85}},"17":{"start":{"line":39,"column":4},"end":{"line":39,"column":38}},"18":{"start":{"line":41,"column":4},"end":{"line":41,"column":12}},"19":{"start":{"line":46,"column":2},"end":{"line":53,"column":3}},"20":{"start":{"line":47,"column":15},"end":{"line":47,"column":36}},"21":{"start":{"line":48,"column":19},"end":{"line":48,"column":58}},"22":{"start":{"line":49,"column":4},"end":{"line":49,"column":101}},"23":{"start":{"line":49,"column":22},"end":{"line":49,"column":101}},"24":{"start":{"line":50,"column":4},"end":{"line":50,"column":38}},"25":{"start":{"line":52,"column":4},"end":{"line":52,"column":12}},"26":{"start":{"line":57,"column":2},"end":{"line":64,"column":3}},"27":{"start":{"line":58,"column":15},"end":{"line":58,"column":36}},"28":{"start":{"line":59,"column":19},"end":{"line":59,"column":50}},"29":{"start":{"line":60,"column":4},"end":{"line":60,"column":101}},"30":{"start":{"line":60,"column":22},"end":{"line":60,"column":101}},"31":{"start":{"line":61,"column":4},"end":{"line":61,"column":38}},"32":{"start":{"line":63,"column":4},"end":{"line":63,"column":12}}},"fnMap":{"0":{"name":"list","decl":{"start":{"line":3,"column":22},"end":{"line":3,"column":26}},"loc":{"start":{"line":3,"column":43},"end":{"line":10,"column":1}},"line":3},"1":{"name":"getById","decl":{"start":{"line":12,"column":22},"end":{"line":12,"column":29}},"loc":{"start":{"line":12,"column":46},"end":{"line":21,"column":1}},"line":12},"2":{"name":"create","decl":{"start":{"line":23,"column":22},"end":{"line":23,"column":28}},"loc":{"start":{"line":23,"column":45},"end":{"line":43,"column":1}},"line":23},"3":{"name":"update","decl":{"start":{"line":45,"column":22},"end":{"line":45,"column":28}},"loc":{"start":{"line":45,"column":45},"end":{"line":54,"column":1}},"line":45},"4":{"name":"remove","decl":{"start":{"line":56,"column":22},"end":{"line":56,"column":28}},"loc":{"start":{"line":56,"column":45},"end":{"line":65,"column":1}},"line":56}},"branchMap":{"0":{"loc":{"start":{"line":16,"column":4},"end":{"line":16,"column":80}},"type":"if","locations":[{"start":{"line":16,"column":4},"end":{"line":16,"column":80}},{"start":{},"end":{}}],"line":16},"1":{"loc":{"start":{"line":25,"column":17},"end":{"line":25,"column":31}},"type":"binary-expr","locations":[{"start":{"line":25,"column":17},"end":{"line":25,"column":25}},{"start":{"line":25,"column":29},"end":{"line":25,"column":31}}],"line":25},"2":{"loc":{"start":{"line":28,"column":12},"end":{"line":28,"column":62}},"type":"binary-expr","locations":[{"start":{"line":28,"column":12},"end":{"line":28,"column":21}},{"start":{"line":28,"column":25},"end":{"line":28,"column":42}},{"start":{"line":28,"column":46},"end":{"line":28,"column":62}}],"line":28},"3":{"loc":{"start":{"line":30,"column":18},"end":{"line":30,"column":53}},"type":"binary-expr","locations":[{"start":{"line":30,"column":18},"end":{"line":30,"column":33}},{"start":{"line":30,"column":37},"end":{"line":30,"column":53}}],"line":30},"4":{"loc":{"start":{"line":35,"column":4},"end":{"line":37,"column":5}},"type":"if","locations":[{"start":{"line":35,"column":4},"end":{"line":37,"column":5}},{"start":{},"end":{}}],"line":35},"5":{"loc":{"start":{"line":49,"column":4},"end":{"line":49,"column":101}},"type":"if","locations":[{"start":{"line":49,"column":4},"end":{"line":49,"column":101}},{"start":{},"end":{}}],"line":49},"6":{"loc":{"start":{"line":60,"column":4},"end":{"line":60,"column":101}},"type":"if","locations":[{"start":{"line":60,"column":4},"end":{"line":60,"column":101}},{"start":{},"end":{}}],"line":60}},"s":{"0":2,"1":2,"2":2,"3":0,"4":3,"5":3,"6":3,"7":3,"8":2,"9":1,"10":0,"11":15,"12":15,"13":15,"14":15,"15":15,"16":1,"17":14,"18":0,"19":1,"20":1,"21":1,"22":1,"23":0,"24":1,"25":0,"26":1,"27":1,"28":1,"29":1,"30":0,"31":1,"32":0},"f":{"0":2,"1":3,"2":15,"3":1,"4":1},"b":{"0":[2,1],"1":[15,0],"2":[15,0,0],"3":[15,0],"4":[1,14],"5":[0,1],"6":[0,1]},"_coverageSchema":"1a1c01bbd47fc00a2c39e90264f33305004495a9","hash":"418a208e70243df22044aee20202cdbb2a58a01e"}
,"C:\\Users\\aysey\\OneDrive\\Masaüstü\\BIM539-Project\\src\\controllers\\reviews.controller.js": {"path":"C:\\Users\\aysey\\OneDrive\\Masaüstü\\BIM539-Project\\src\\controllers\\reviews.controller.js","statementMap":{"0":{"start":{"line":4,"column":2},"end":{"line":9,"column":3}},"1":{"start":{"line":5,"column":20},"end":{"line":5,"column":47}},"2":{"start":{"line":6,"column":4},"end":{"line":6,"column":34}},"3":{"start":{"line":8,"column":4},"end":{"line":8,"column":12}},"4":{"start":{"line":13,"column":2},"end":{"line":20,"column":3}},"5":{"start":{"line":14,"column":15},"end":{"line":14,"column":36}},"6":{"start":{"line":15,"column":19},"end":{"line":15,"column":46}},"7":{"start":{"line":16,"column":4},"end":{"line":16,"column":78}},"8":{"start":{"line":16,"column":17},"end":{"line":16,"column":78}},"9":{"start":{"line":17,"column":4},"end":{"line":17,"column":33}},"10":{"start":{"line":19,"column":4},"end":{"line":19,"column":12}},"11":{"start":{"line":24,"column":2},"end":{"line":47,"column":3}},"12":{"start":{"line":25,"column":17},"end":{"line":25,"column":31}},"13":{"start":{"line":27,"column":20},"end":{"line":32,"column":5}},"14":{"start":{"line":34,"column":19},"end":{"line":34,"column":51}},"15":{"start":{"line":36,"column":4},"end":{"line":38,"column":5}},"16":{"start":{"line":37,"column":6},"end":{"line":37,"column":85}},"17":{"start":{"line":40,"column":4},"end":{"line":40,"column":38}},"18":{"start":{"line":43,"column":4},"end":{"line":45,"column":5}},"19":{"start":{"line":44,"column":6},"end":{"line":44,"column":67}},"20":{"start":{"line":46,"column":4},"end":{"line":46,"column":12}},"21":{"start":{"line":51,"column":2},"end":{"line":58,"column":3}},"22":{"start":{"line":52,"column":15},"end":{"line":52,"column":36}},"23":{"start":{"line":53,"column":19},"end":{"line":53,"column":57}},"24":{"start":{"line":54,"column":4},"end":{"line":54,"column":101}},"25":{"start":{"line":54,"column":22},"end":{"line":54,"column":101}},"26":{"start":{"line":55,"column":4},"end":{"line":55,"column":38}},"27":{"start":{"line":57,"column":4},"end":{"line":57,"column":12}},"28":{"start":{"line":62,"column":2},"end":{"line":69,"column":3}},"29":{"start":{"line":63,"column":15},"end":{"line":63,"column":36}},"30":{"start":{"line":64,"column":19},"end":{"line":64,"column":49}},"31":{"start":{"line":65,"column":4},"end":{"line":65,"column":101}},"32":{"start":{"line":65,"column":22},"end":{"line":65,"column":101}},"33":{"start":{"line":66,"column":4},"end":{"line":66,"column":38}},"34":{"start":{"line":68,"column":4},"end":{"line":68,"column":12}}},"fnMap":{"0":{"name":"list","decl":{"start":{"line":3,"column":22},"end":{"line":3,"column":26}},"loc":{"start":{"line":3,"column":43},"end":{"line":10,"column":1}},"line":3},"1":{"name":"getById","decl":{"start":{"line":12,"column":22},"end":{"line":12,"column":29}},"loc":{"start":{"line":12,"column":46},"end":{"line":21,"column":1}},"line":12},"2":{"name":"create","decl":{"start":{"line":23,"column":22},"end":{"line":23,"column":28}},"loc":{"start":{"line":23,"column":45},"end":{"line":48,"column":1}},"line":23},"3":{"name":"update","decl":{"start":{"line":50,"column":22},"end":{"line":50,"column":28}},"loc":{"start":{"line":50,"column":45},"end":{"line":59,"column":1}},"line":50},"4":{"name":"remove","decl":{"start":{"line":61,"column":22},"end":{"line":61,"column":28}},"loc":{"start":{"line":61,"column":45},"end":{"line":70,"column":1}},"line":61}},"branchMap":{"0":{"loc":{"start":{"line":16,"column":4},"end":{"line":16,"column":78}},"type":"if","locations":[{"start":{"line":16,"column":4},"end":{"line":16,"column":78}},{"start":{},"end":{}}],"line":16},"1":{"loc":{"start":{"line":25,"column":17},"end":{"line":25,"column":31}},"type":"binary-expr","locations":[{"start":{"line":25,"column":17},"end":{"line":25,"column":25}},{"start":{"line":25,"column":29},"end":{"line":25,"column":31}}],"line":25},"2":{"loc":{"start":{"line":28,"column":14},"end":{"line":28,"column":41}},"type":"binary-expr","locations":[{"start":{"line":28,"column":14},"end":{"line":28,"column":25}},{"start":{"line":28,"column":29},"end":{"line":28,"column":41}}],"line":28},"3":{"loc":{"start":{"line":29,"column":17},"end":{"line":29,"column":50}},"type":"binary-expr","locations":[{"start":{"line":29,"column":17},"end":{"line":29,"column":31}},{"start":{"line":29,"column":35},"end":{"line":29,"column":50}}],"line":29},"4":{"loc":{"start":{"line":36,"column":4},"end":{"line":38,"column":5}},"type":"if","locations":[{"start":{"line":36,"column":4},"end":{"line":38,"column":5}},{"start":{},"end":{}}],"line":36},"5":{"loc":{"start":{"line":43,"column":4},"end":{"line":45,"column":5}},"type":"if","locations":[{"start":{"line":43,"column":4},"end":{"line":45,"column":5}},{"start":{},"end":{}}],"line":43},"6":{"loc":{"start":{"line":54,"column":4},"end":{"line":54,"column":101}},"type":"if","locations":[{"start":{"line":54,"column":4},"end":{"line":54,"column":101}},{"start":{},"end":{}}],"line":54},"7":{"loc":{"start":{"line":65,"column":4},"end":{"line":65,"column":101}},"type":"if","locations":[{"start":{"line":65,"column":4},"end":{"line":65,"column":101}},{"start":{},"end":{}}],"line":65}},"s":{"0":2,"1":2,"2":2,"3":0,"4":3,"5":3,"6":3,"7":3,"8":2,"9":1,"10":0,"11":12,"12":12,"13":12,"14":12,"15":12,"16":4,"17":8,"18":0,"19":0,"20":0,"21":1,"22":1,"23":1,"24":1,"25":0,"26":1,"27":0,"28":1,"29":1,"30":1,"31":1,"32":0,"33":1,"34":0},"f":{"0":2,"1":3,"2":12,"3":1,"4":1},"b":{"0":[2,1],"1":[12,0],"2":[12,0],"3":[12,0],"4":[4,8],"5":[0,0],"6":[0,1],"7":[0,1]},"_coverageSchema":"1a1c01bbd47fc00a2c39e90264f33305004495a9","hash":"632c0c802442845d41a12822784dbec80700aca2"}
,"C:\\Users\\aysey\\OneDrive\\Masaüstü\\BIM539-Project\\src\\controllers\\users.controller.js": {"path":"C:\\Users\\aysey\\OneDrive\\Masaüstü\\BIM539-Project\\src\\controllers\\users.controller.js","statementMap":{"0":{"start":{"line":4,"column":2},"end":{"line":9,"column":3}},"1":{"start":{"line":5,"column":18},"end":{"line":5,"column":43}},"2":{"start":{"line":6,"column":4},"end":{"line":6,"column":32}},"3":{"start":{"line":8,"column":4},"end":{"line":8,"column":12}},"4":{"start":{"line":13,"column":2},"end":{"line":20,"column":3}},"5":{"start":{"line":14,"column":15},"end":{"line":14,"column":36}},"6":{"start":{"line":15,"column":17},"end":{"line":15,"column":42}},"7":{"start":{"line":16,"column":4},"end":{"line":16,"column":74}},"8":{"start":{"line":16,"column":15},"end":{"line":16,"column":74}},"9":{"start":{"line":17,"column":4},"end":{"line":17,"column":31}},"10":{"start":{"line":19,"column":4},"end":{"line":19,"column":12}},"11":{"start":{"line":24,"column":2},"end":{"line":30,"column":3}},"12":{"start":{"line":25,"column":19},"end":{"line":25,"column":50}},"13":{"start":{"line":26,"column":4},"end":{"line":26,"column":101}},"14":{"start":{"line":26,"column":22},"end":{"line":26,"column":101}},"15":{"start":{"line":27,"column":4},"end":{"line":27,"column":38}},"16":{"start":{"line":29,"column":4},"end":{"line":29,"column":12}},"17":{"start":{"line":34,"column":2},"end":{"line":41,"column":3}},"18":{"start":{"line":35,"column":15},"end":{"line":35,"column":36}},"19":{"start":{"line":36,"column":19},"end":{"line":36,"column":55}},"20":{"start":{"line":37,"column":4},"end":{"line":37,"column":101}},"21":{"start":{"line":37,"column":22},"end":{"line":37,"column":101}},"22":{"start":{"line":38,"column":4},"end":{"line":38,"column":38}},"23":{"start":{"line":40,"column":4},"end":{"line":40,"column":12}},"24":{"start":{"line":45,"column":2},"end":{"line":52,"column":3}},"25":{"start":{"line":46,"column":15},"end":{"line":46,"column":36}},"26":{"start":{"line":47,"column":19},"end":{"line":47,"column":47}},"27":{"start":{"line":48,"column":4},"end":{"line":48,"column":101}},"28":{"start":{"line":48,"column":22},"end":{"line":48,"column":101}},"29":{"start":{"line":49,"column":4},"end":{"line":49,"column":38}},"30":{"start":{"line":51,"column":4},"end":{"line":51,"column":12}}},"fnMap":{"0":{"name":"list","decl":{"start":{"line":3,"column":22},"end":{"line":3,"column":26}},"loc":{"start":{"line":3,"column":43},"end":{"line":10,"column":1}},"line":3},"1":{"name":"getById","decl":{"start":{"line":12,"column":22},"end":{"line":12,"column":29}},"loc":{"start":{"line":12,"column":46},"end":{"line":21,"column":1}},"line":12},"2":{"name":"create","decl":{"start":{"line":23,"column":22},"end":{"line":23,"column":28}},"loc":{"start":{"line":23,"column":45},"end":{"line":31,"column":1}},"line":23},"3":{"name":"update","decl":{"start":{"line":33,"column":22},"end":{"line":33,"column":28}},"loc":{"start":{"line":33,"column":45},"end":{"line":42,"column":1}},"line":33},"4":{"name":"remove","decl":{"start":{"line":44,"column":22},"end":{"line":44,"column":28}},"loc":{"start":{"line":44,"column":45},"end":{"line":53,"column":1}},"line":44}},"branchMap":{"0":{"loc":{"start":{"line":16,"column":4},"end":{"line":16,"column":74}},"type":"if","locations":[{"start":{"line":16,"column":4},"end":{"line":16,"column":74}},{"start":{},"end":{}}],"line":16},"1":{"loc":{"start":{"line":26,"column":4},"end":{"line":26,"column":101}},"type":"if","locations":[{"start":{"line":26,"column":4},"end":{"line":26,"column":101}},{"start":{},"end":{}}],"line":26},"2":{"loc":{"start":{"line":37,"column":4},"end":{"line":37,"column":101}},"type":"if","locations":[{"start":{"line":37,"column":4},"end":{"line":37,"column":101}},{"start":{},"end":{}}],"line":37},"3":{"loc":{"start":{"line":48,"column":4},"end":{"line":48,"column":101}},"type":"if","locations":[{"start":{"line":48,"column":4},"end":{"line":48,"column":101}},{"start":{},"end":{}}],"line":48}},"s":{"0":1,"1":1,"2":1,"3":0,"4":3,"5":3,"6":3,"7":3,"8":2,"9":1,"10":0,"11":23,"12":23,"13":23,"14":1,"15":22,"16":0,"17":1,"18":1,"19":1,"20":1,"21":0,"22":1,"23":0,"24":1,"25":1,"26":1,"27":1,"28":0,"29":1,"30":0},"f":{"0":1,"1":3,"2":23,"3":1,"4":1},"b":{"0":[2,1],"1":[1,22],"2":[0,1],"3":[0,1]},"_coverageSchema":"1a1c01bbd47fc00a2c39e90264f33305004495a9","hash":"dea87650aa392d5f0b23ce15efdb2d896a10d72a"}
,"C:\\Users\\aysey\\OneDrive\\Masaüstü\\BIM539-Project\\src\\docs\\swagger.js": {"path":"C:\\Users\\aysey\\OneDrive\\Masaüstü\\BIM539-Project\\src\\docs\\swagger.js","statementMap":{"0":{"start":{"line":3,"column":16},"end":{"line":17,"column":1}},"1":{"start":{"line":19,"column":20},"end":{"line":19,"column":41}}},"fnMap":{},"branchMap":{},"s":{"0":7,"1":7},"f":{},"b":{},"_coverageSchema":"1a1c01bbd47fc00a2c39e90264f33305004495a9","hash":"e48199ea04316775bbda918928e629c33214a9c7"}
,"C:\\Users\\aysey\\OneDrive\\Masaüstü\\BIM539-Project\\src\\repositories\\categories.repo.js": {"path":"C:\\Users\\aysey\\OneDrive\\Masaüstü\\BIM539-Project\\src\\repositories\\categories.repo.js","statementMap":{"0":{"start":{"line":4,"column":19},"end":{"line":8,"column":3}},"1":{"start":{"line":9,"column":2},"end":{"line":9,"column":14}},"2":{"start":{"line":13,"column":19},"end":{"line":18,"column":3}},"3":{"start":{"line":19,"column":2},"end":{"line":19,"column":25}},"4":{"start":{"line":23,"column":19},"end":{"line":28,"column":3}},"5":{"start":{"line":29,"column":2},"end":{"line":29,"column":17}},"6":{"start":{"line":33,"column":17},"end":{"line":33,"column":19}},"7":{"start":{"line":34,"column":17},"end":{"line":34,"column":19}},"8":{"start":{"line":35,"column":12},"end":{"line":35,"column":13}},"9":{"start":{"line":37,"column":2},"end":{"line":40,"column":3}},"10":{"start":{"line":38,"column":4},"end":{"line":38,"column":36}},"11":{"start":{"line":39,"column":4},"end":{"line":39,"column":27}},"12":{"start":{"line":42,"column":2},"end":{"line":42,"column":39}},"13":{"start":{"line":42,"column":27},"end":{"line":42,"column":39}},"14":{"start":{"line":44,"column":2},"end":{"line":44,"column":18}},"15":{"start":{"line":46,"column":19},"end":{"line":52,"column":3}},"16":{"start":{"line":54,"column":2},"end":{"line":54,"column":25}},"17":{"start":{"line":58,"column":23},"end":{"line":58,"column":80}},"18":{"start":{"line":59,"column":2},"end":{"line":59,"column":22}}},"fnMap":{"0":{"name":"findAllCategories","decl":{"start":{"line":3,"column":22},"end":{"line":3,"column":39}},"loc":{"start":{"line":3,"column":42},"end":{"line":10,"column":1}},"line":3},"1":{"name":"findCategoryById","decl":{"start":{"line":12,"column":22},"end":{"line":12,"column":38}},"loc":{"start":{"line":12,"column":43},"end":{"line":20,"column":1}},"line":12},"2":{"name":"createCategory","decl":{"start":{"line":22,"column":22},"end":{"line":22,"column":36}},"loc":{"start":{"line":22,"column":47},"end":{"line":30,"column":1}},"line":22},"3":{"name":"updateCategory","decl":{"start":{"line":32,"column":22},"end":{"line":32,"column":36}},"loc":{"start":{"line":32,"column":47},"end":{"line":55,"column":1}},"line":32},"4":{"name":"deleteCategory","decl":{"start":{"line":57,"column":22},"end":{"line":57,"column":36}},"loc":{"start":{"line":57,"column":41},"end":{"line":60,"column":1}},"line":57}},"branchMap":{"0":{"loc":{"start":{"line":19,"column":9},"end":{"line":19,"column":24}},"type":"binary-expr","locations":[{"start":{"line":19,"column":9},"end":{"line":19,"column":16}},{"start":{"line":19,"column":20},"end":{"line":19,"column":24}}],"line":19},"1":{"loc":{"start":{"line":37,"column":2},"end":{"line":40,"column":3}},"type":"if","locations":[{"start":{"line":37,"column":2},"end":{"line":40,"column":3}},{"start":{},"end":{}}],"line":37},"2":{"loc":{"start":{"line":42,"column":2},"end":{"line":42,"column":39}},"type":"if","locations":[{"start":{"line":42,"column":2},"end":{"line":42,"column":39}},{"start":{},"end":{}}],"line":42},"3":{"loc":{"start":{"line":54,"column":9},"end":{"line":54,"column":24}},"type":"binary-expr","locations":[{"start":{"line":54,"column":9},"end":{"line":54,"column":16}},{"start":{"line":54,"column":20},"end":{"line":54,"column":24}}],"line":54}},"s":{"0":1,"1":1,"2":3,"3":3,"4":21,"5":20,"6":1,"7":1,"8":1,"9":1,"10":1,"11":1,"12":1,"13":0,"14":1,"15":1,"16":1,"17":1,"18":1},"f":{"0":1,"1":3,"2":21,"3":1,"4":1},"b":{"0":[3,2],"1":[1,0],"2":[0,1],"3":[1,0]},"_coverageSchema":"1a1c01bbd47fc00a2c39e90264f33305004495a9","hash":"4fb6d9c7e92f9dce96f89751870da719e2fbc2ea"}
,"C:\\Users\\aysey\\OneDrive\\Masaüstü\\BIM539-Project\\src\\repositories\\orders.repo.js": {"path":"C:\\Users\\aysey\\OneDrive\\Masaüstü\\BIM539-Project\\src\\repositories\\orders.repo.js","statementMap":{"0":{"start":{"line":4,"column":19},"end":{"line":16,"column":3}},"1":{"start":{"line":17,"column":2},"end":{"line":17,"column":14}},"2":{"start":{"line":21,"column":19},"end":{"line":34,"column":3}},"3":{"start":{"line":35,"column":2},"end":{"line":35,"column":25}},"4":{"start":{"line":39,"column":19},"end":{"line":44,"column":3}},"5":{"start":{"line":45,"column":2},"end":{"line":45,"column":17}},"6":{"start":{"line":49,"column":17},"end":{"line":49,"column":19}},"7":{"start":{"line":50,"column":17},"end":{"line":50,"column":19}},"8":{"start":{"line":51,"column":12},"end":{"line":51,"column":13}},"9":{"start":{"line":53,"column":2},"end":{"line":56,"column":3}},"10":{"start":{"line":54,"column":4},"end":{"line":54,"column":39}},"11":{"start":{"line":55,"column":4},"end":{"line":55,"column":29}},"12":{"start":{"line":57,"column":2},"end":{"line":60,"column":3}},"13":{"start":{"line":58,"column":4},"end":{"line":58,"column":37}},"14":{"start":{"line":59,"column":4},"end":{"line":59,"column":28}},"15":{"start":{"line":61,"column":2},"end":{"line":64,"column":3}},"16":{"start":{"line":62,"column":4},"end":{"line":62,"column":38}},"17":{"start":{"line":63,"column":4},"end":{"line":63,"column":29}},"18":{"start":{"line":66,"column":2},"end":{"line":66,"column":39}},"19":{"start":{"line":66,"column":27},"end":{"line":66,"column":39}},"20":{"start":{"line":68,"column":2},"end":{"line":68,"column":18}},"21":{"start":{"line":70,"column":19},"end":{"line":76,"column":3}},"22":{"start":{"line":78,"column":2},"end":{"line":78,"column":25}},"23":{"start":{"line":82,"column":23},"end":{"line":82,"column":76}},"24":{"start":{"line":83,"column":2},"end":{"line":83,"column":22}},"25":{"start":{"line":88,"column":19},"end":{"line":88,"column":77}},"26":{"start":{"line":89,"column":2},"end":{"line":89,"column":25}}},"fnMap":{"0":{"name":"findAllOrders","decl":{"start":{"line":3,"column":22},"end":{"line":3,"column":35}},"loc":{"start":{"line":3,"column":38},"end":{"line":18,"column":1}},"line":3},"1":{"name":"findOrderById","decl":{"start":{"line":20,"column":22},"end":{"line":20,"column":35}},"loc":{"start":{"line":20,"column":40},"end":{"line":36,"column":1}},"line":20},"2":{"name":"createOrder","decl":{"start":{"line":38,"column":22},"end":{"line":38,"column":33}},"loc":{"start":{"line":38,"column":61},"end":{"line":46,"column":1}},"line":38},"3":{"name":"updateOrder","decl":{"start":{"line":48,"column":22},"end":{"line":48,"column":33}},"loc":{"start":{"line":48,"column":44},"end":{"line":79,"column":1}},"line":48},"4":{"name":"deleteOrder","decl":{"start":{"line":81,"column":22},"end":{"line":81,"column":33}},"loc":{"start":{"line":81,"column":38},"end":{"line":84,"column":1}},"line":81},"5":{"name":"userExists","decl":{"start":{"line":87,"column":22},"end":{"line":87,"column":32}},"loc":{"start":{"line":87,"column":41},"end":{"line":90,"column":1}},"line":87}},"branchMap":{"0":{"loc":{"start":{"line":35,"column":9},"end":{"line":35,"column":24}},"type":"binary-expr","locations":[{"start":{"line":35,"column":9},"end":{"line":35,"column":16}},{"start":{"line":35,"column":20},"end":{"line":35,"column":24}}],"line":35},"1":{"loc":{"start":{"line":43,"column":20},"end":{"line":43,"column":39}},"type":"binary-expr","locations":[{"start":{"line":43,"column":20},"end":{"line":43,"column":26}},{"start":{"line":43,"column":30},"end":{"line":43,"column":39}}],"line":43},"2":{"loc":{"start":{"line":53,"column":2},"end":{"line":56,"column":3}},"type":"if","locations":[{"start":{"line":53,"column":2},"end":{"line":56,"column":3}},{"start":{},"end":{}}],"line":53},"3":{"loc":{"start":{"line":57,"column":2},"end":{"line":60,"column":3}},"type":"if","locations":[{"start":{"line":57,"column":2},"end":{"line":60,"column":3}},{"start":{},"end":{}}],"line":57},"4":{"loc":{"start":{"line":61,"column":2},"end":{"line":64,"column":3}},"type":"if","locations":[{"start":{"line":61,"column":2},"end":{"line":64,"column":3}},{"start":{},"end":{}}],"line":61},"5":{"loc":{"start":{"line":66,"column":2},"end":{"line":66,"column":39}},"type":"if","locations":[{"start":{"line":66,"column":2},"end":{"line":66,"column":39}},{"start":{},"end":{}}],"line":66},"6":{"loc":{"start":{"line":78,"column":9},"end":{"line":78,"column":24}},"type":"binary-expr","locations":[{"start":{"line":78,"column":9},"end":{"line":78,"column":16}},{"start":{"line":78,"column":20},"end":{"line":78,"column":24}}],"line":78}},"s":{"0":2,"1":2,"2":3,"3":3,"4":7,"5":7,"6":1,"7":1,"8":1,"9":1,"10":0,"11":0,"12":1,"13":0,"14":0,"15":1,"16":1,"17":1,"18":1,"19":0,"20":1,"21":1,"22":1,"23":1,"24":1,"25":8,"26":8},"f":{"0":2,"1":3,"2":7,"3":1,"4":1,"5":8},"b":{"0":[3,2],"1":[7,0],"2":[0,1],"3":[0,1],"4":[1,0],"5":[0,1],"6":[1,0]},"_coverageSchema":"1a1c01bbd47fc00a2c39e90264f33305004495a9","hash":"7fa03c8df4d271001989eddb49003b9c172ced1b"}
,"C:\\Users\\aysey\\OneDrive\\Masaüstü\\BIM539-Project\\src\\repositories\\products.repo.js": {"path":"C:\\Users\\aysey\\OneDrive\\Masaüstü\\BIM539-Project\\src\\repositories\\products.repo.js","statementMap":{"0":{"start":{"line":4,"column":19},"end":{"line":15,"column":3}},"1":{"start":{"line":16,"column":2},"end":{"line":16,"column":14}},"2":{"start":{"line":20,"column":19},"end":{"line":32,"column":3}},"3":{"start":{"line":33,"column":2},"end":{"line":33,"column":25}},"4":{"start":{"line":37,"column":19},"end":{"line":42,"column":3}},"5":{"start":{"line":43,"column":2},"end":{"line":43,"column":17}},"6":{"start":{"line":47,"column":17},"end":{"line":47,"column":19}},"7":{"start":{"line":48,"column":17},"end":{"line":48,"column":19}},"8":{"start":{"line":49,"column":12},"end":{"line":49,"column":13}},"9":{"start":{"line":51,"column":2},"end":{"line":54,"column":3}},"10":{"start":{"line":52,"column":4},"end":{"line":52,"column":36}},"11":{"start":{"line":53,"column":4},"end":{"line":53,"column":27}},"12":{"start":{"line":55,"column":2},"end":{"line":58,"column":3}},"13":{"start":{"line":56,"column":4},"end":{"line":56,"column":37}},"14":{"start":{"line":57,"column":4},"end":{"line":57,"column":28}},"15":{"start":{"line":59,"column":2},"end":{"line":62,"column":3}},"16":{"start":{"line":60,"column":4},"end":{"line":60,"column":43}},"17":{"start":{"line":61,"column":4},"end":{"line":61,"column":33}},"18":{"start":{"line":64,"column":2},"end":{"line":64,"column":39}},"19":{"start":{"line":64,"column":27},"end":{"line":64,"column":39}},"20":{"start":{"line":66,"column":2},"end":{"line":66,"column":18}},"21":{"start":{"line":68,"column":19},"end":{"line":74,"column":3}},"22":{"start":{"line":76,"column":2},"end":{"line":76,"column":25}},"23":{"start":{"line":80,"column":23},"end":{"line":80,"column":78}},"24":{"start":{"line":81,"column":2},"end":{"line":81,"column":22}},"25":{"start":{"line":86,"column":19},"end":{"line":86,"column":86}},"26":{"start":{"line":87,"column":2},"end":{"line":87,"column":25}}},"fnMap":{"0":{"name":"findAllProducts","decl":{"start":{"line":3,"column":22},"end":{"line":3,"column":37}},"loc":{"start":{"line":3,"column":40},"end":{"line":17,"column":1}},"line":3},"1":{"name":"findProductById","decl":{"start":{"line":19,"column":22},"end":{"line":19,"column":37}},"loc":{"start":{"line":19,"column":42},"end":{"line":34,"column":1}},"line":19},"2":{"name":"createProduct","decl":{"start":{"line":36,"column":22},"end":{"line":36,"column":35}},"loc":{"start":{"line":36,"column":65},"end":{"line":44,"column":1}},"line":36},"3":{"name":"updateProduct","decl":{"start":{"line":46,"column":22},"end":{"line":46,"column":35}},"loc":{"start":{"line":46,"column":46},"end":{"line":77,"column":1}},"line":46},"4":{"name":"deleteProduct","decl":{"start":{"line":79,"column":22},"end":{"line":79,"column":35}},"loc":{"start":{"line":79,"column":40},"end":{"line":82,"column":1}},"line":79},"5":{"name":"categoryExists","decl":{"start":{"line":85,"column":22},"end":{"line":85,"column":36}},"loc":{"start":{"line":85,"column":49},"end":{"line":88,"column":1}},"line":85}},"branchMap":{"0":{"loc":{"start":{"line":33,"column":9},"end":{"line":33,"column":24}},"type":"binary-expr","locations":[{"start":{"line":33,"column":9},"end":{"line":33,"column":16}},{"start":{"line":33,"column":20},"end":{"line":33,"column":24}}],"line":33},"1":{"loc":{"start":{"line":51,"column":2},"end":{"line":54,"column":3}},"type":"if","locations":[{"start":{"line":51,"column":2},"end":{"line":54,"column":3}},{"start":{},"end":{}}],"line":51},"2":{"loc":{"start":{"line":55,"column":2},"end":{"line":58,"column":3}},"type":"if","locations":[{"start":{"line":55,"column":2},"end":{"line":58,"column":3}},{"start":{},"end":{}}],"line":55},"3":{"loc":{"start":{"line":59,"column":2},"end":{"line":62,"column":3}},"type":"if","locations":[{"start":{"line":59,"column":2},"end":{"line":62,"column":3}},{"start":{},"end":{}}],"line":59},"4":{"loc":{"start":{"line":64,"column":2},"end":{"line":64,"column":39}},"type":"if","locations":[{"start":{"line":64,"column":2},"end":{"line":64,"column":39}},{"start":{},"end":{}}],"line":64},"5":{"loc":{"start":{"line":76,"column":9},"end":{"line":76,"column":24}},"type":"binary-expr","locations":[{"start":{"line":76,"column":9},"end":{"line":76,"column":16}},{"start":{"line":76,"column":20},"end":{"line":76,"column":24}}],"line":76}},"s":{"0":2,"1":2,"2":3,"3":3,"4":14,"5":14,"6":1,"7":1,"8":1,"9":1,"10":1,"11":1,"12":1,"13":1,"14":1,"15":1,"16":0,"17":0,"18":1,"19":0,"20":1,"21":1,"22":1,"23":1,"24":1,"25":15,"26":15},"f":{"0":2,"1":3,"2":14,"3":1,"4":1,"5":15},"b":{"0":[3,2],"1":[1,0],"2":[1,0],"3":[0,1],"4":[0,1],"5":[1,0]},"_coverageSchema":"1a1c01bbd47fc00a2c39e90264f33305004495a9","hash":"1b42098e430cff3f5539bf030db86f6c85a9f97b"}
,"C:\\Users\\aysey\\OneDrive\\Masaüstü\\BIM539-Project\\src\\repositories\\reviews.repo.js": {"path":"C:\\Users\\aysey\\OneDrive\\Masaüstü\\BIM539-Project\\src\\repositories\\reviews.repo.js","statementMap":{"0":{"start":{"line":4,"column":19},"end":{"line":18,"column":3}},"1":{"start":{"line":19,"column":2},"end":{"line":19,"column":14}},"2":{"start":{"line":23,"column":19},"end":{"line":38,"column":3}},"3":{"start":{"line":39,"column":2},"end":{"line":39,"column":25}},"4":{"start":{"line":43,"column":19},"end":{"line":48,"column":3}},"5":{"start":{"line":49,"column":2},"end":{"line":49,"column":17}},"6":{"start":{"line":53,"column":17},"end":{"line":53,"column":19}},"7":{"start":{"line":54,"column":17},"end":{"line":54,"column":19}},"8":{"start":{"line":55,"column":12},"end":{"line":55,"column":13}},"9":{"start":{"line":57,"column":2},"end":{"line":60,"column":3}},"10":{"start":{"line":58,"column":4},"end":{"line":58,"column":38}},"11":{"start":{"line":59,"column":4},"end":{"line":59,"column":29}},"12":{"start":{"line":61,"column":2},"end":{"line":64,"column":3}},"13":{"start":{"line":62,"column":4},"end":{"line":62,"column":39}},"14":{"start":{"line":63,"column":4},"end":{"line":63,"column":30}},"15":{"start":{"line":66,"column":2},"end":{"line":66,"column":39}},"16":{"start":{"line":66,"column":27},"end":{"line":66,"column":39}},"17":{"start":{"line":68,"column":2},"end":{"line":68,"column":18}},"18":{"start":{"line":70,"column":19},"end":{"line":76,"column":3}},"19":{"start":{"line":78,"column":2},"end":{"line":78,"column":25}},"20":{"start":{"line":82,"column":23},"end":{"line":82,"column":77}},"21":{"start":{"line":83,"column":2},"end":{"line":83,"column":22}},"22":{"start":{"line":88,"column":19},"end":{"line":88,"column":77}},"23":{"start":{"line":89,"column":2},"end":{"line":89,"column":25}},"24":{"start":{"line":93,"column":19},"end":{"line":93,"column":83}},"25":{"start":{"line":94,"column":2},"end":{"line":94,"column":25}}},"fnMap":{"0":{"name":"findAllReviews","decl":{"start":{"line":3,"column":22},"end":{"line":3,"column":36}},"loc":{"start":{"line":3,"column":39},"end":{"line":20,"column":1}},"line":3},"1":{"name":"findReviewById","decl":{"start":{"line":22,"column":22},"end":{"line":22,"column":36}},"loc":{"start":{"line":22,"column":41},"end":{"line":40,"column":1}},"line":22},"2":{"name":"createReview","decl":{"start":{"line":42,"column":22},"end":{"line":42,"column":34}},"loc":{"start":{"line":42,"column":75},"end":{"line":50,"column":1}},"line":42},"3":{"name":"updateReview","decl":{"start":{"line":52,"column":22},"end":{"line":52,"column":34}},"loc":{"start":{"line":52,"column":45},"end":{"line":79,"column":1}},"line":52},"4":{"name":"deleteReview","decl":{"start":{"line":81,"column":22},"end":{"line":81,"column":34}},"loc":{"start":{"line":81,"column":39},"end":{"line":84,"column":1}},"line":81},"5":{"name":"userExists","decl":{"start":{"line":87,"column":22},"end":{"line":87,"column":32}},"loc":{"start":{"line":87,"column":41},"end":{"line":90,"column":1}},"line":87},"6":{"name":"productExists","decl":{"start":{"line":92,"column":22},"end":{"line":92,"column":35}},"loc":{"start":{"line":92,"column":47},"end":{"line":95,"column":1}},"line":92}},"branchMap":{"0":{"loc":{"start":{"line":39,"column":9},"end":{"line":39,"column":24}},"type":"binary-expr","locations":[{"start":{"line":39,"column":9},"end":{"line":39,"column":16}},{"start":{"line":39,"column":20},"end":{"line":39,"column":24}}],"line":39},"1":{"loc":{"start":{"line":47,"column":32},"end":{"line":47,"column":47}},"type":"binary-expr","locations":[{"start":{"line":47,"column":32},"end":{"line":47,"column":39}},{"start":{"line":47,"column":43},"end":{"line":47,"column":47}}],"line":47},"2":{"loc":{"start":{"line":57,"column":2},"end":{"line":60,"column":3}},"type":"if","locations":[{"start":{"line":57,"column":2},"end":{"line":60,"column":3}},{"start":{},"end":{}}],"line":57},"3":{"loc":{"start":{"line":61,"column":2},"end":{"line":64,"column":3}},"type":"if","locations":[{"start":{"line":61,"column":2},"end":{"line":64,"column":3}},{"start":{},"end":{}}],"line":61},"4":{"loc":{"start":{"line":66,"column":2},"end":{"line":66,"column":39}},"type":"if","locations":[{"start":{"line":66,"column":2},"end":{"line":66,"column":39}},{"start":{},"end":{}}],"line":66},"5":{"loc":{"start":{"line":78,"column":9},"end":{"line":78,"column":24}},"type":"binary-expr","locations":[{"start":{"line":78,"column":9},"end":{"line":78,"column":16}},{"start":{"line":78,"column":20},"end":{"line":78,"column":24}}],"line":78}},"s":{"0":2,"1":2,"2":3,"3":3,"4":10,"5":8,"6":1,"7":1,"8":1,"9":1,"10":1,"11":1,"12":1,"13":0,"14":0,"15":1,"16":0,"17":1,"18":1,"19":1,"20":1,"21":1,"22":11,"23":11,"24":11,"25":11},"f":{"0":2,"1":3,"2":10,"3":1,"4":1,"5":11,"6":11},"b":{"0":[3,2],"1":[10,4],"2":[1,0],"3":[0,1],"4":[0,1],"5":[1,0]},"_coverageSchema":"1a1c01bbd47fc00a2c39e90264f33305004495a9","hash":"09d94a7f90827c4f2ab0edb617b5af06fa1918cc"}
,"C:\\Users\\aysey\\OneDrive\\Masaüstü\\BIM539-Project\\src\\repositories\\users.repo.js": {"path":"C:\\Users\\aysey\\OneDrive\\Masaüstü\\BIM539-Project\\src\\repositories\\users.repo.js","statementMap":{"0":{"start":{"line":4,"column":19},"end":{"line":8,"column":3}},"1":{"start":{"line":9,"column":2},"end":{"line":9,"column":14}},"2":{"start":{"line":13,"column":19},"end":{"line":18,"column":3}},"3":{"start":{"line":19,"column":2},"end":{"line":19,"column":25}},"4":{"start":{"line":23,"column":19},"end":{"line":28,"column":3}},"5":{"start":{"line":29,"column":2},"end":{"line":29,"column":17}},"6":{"start":{"line":33,"column":17},"end":{"line":33,"column":19}},"7":{"start":{"line":34,"column":17},"end":{"line":34,"column":19}},"8":{"start":{"line":35,"column":12},"end":{"line":35,"column":13}},"9":{"start":{"line":37,"column":2},"end":{"line":40,"column":3}},"10":{"start":{"line":38,"column":4},"end":{"line":38,"column":37}},"11":{"start":{"line":39,"column":4},"end":{"line":39,"column":28}},"12":{"start":{"line":41,"column":2},"end":{"line":44,"column":3}},"13":{"start":{"line":42,"column":4},"end":{"line":42,"column":41}},"14":{"start":{"line":43,"column":4},"end":{"line":43,"column":31}},"15":{"start":{"line":47,"column":2},"end":{"line":47,"column":39}},"16":{"start":{"line":47,"column":27},"end":{"line":47,"column":39}},"17":{"start":{"line":49,"column":2},"end":{"line":49,"column":18}},"18":{"start":{"line":51,"column":19},"end":{"line":57,"column":3}},"19":{"start":{"line":59,"column":2},"end":{"line":59,"column":25}},"20":{"start":{"line":63,"column":23},"end":{"line":63,"column":75}},"21":{"start":{"line":64,"column":2},"end":{"line":64,"column":22}}},"fnMap":{"0":{"name":"findAllUsers","decl":{"start":{"line":3,"column":22},"end":{"line":3,"column":34}},"loc":{"start":{"line":3,"column":37},"end":{"line":10,"column":1}},"line":3},"1":{"name":"findUserById","decl":{"start":{"line":12,"column":22},"end":{"line":12,"column":34}},"loc":{"start":{"line":12,"column":39},"end":{"line":20,"column":1}},"line":12},"2":{"name":"createUser","decl":{"start":{"line":22,"column":22},"end":{"line":22,"column":32}},"loc":{"start":{"line":22,"column":54},"end":{"line":30,"column":1}},"line":22},"3":{"name":"updateUser","decl":{"start":{"line":32,"column":22},"end":{"line":32,"column":32}},"loc":{"start":{"line":32,"column":43},"end":{"line":60,"column":1}},"line":32},"4":{"name":"deleteUser","decl":{"start":{"line":62,"column":22},"end":{"line":62,"column":32}},"loc":{"start":{"line":62,"column":37},"end":{"line":65,"column":1}},"line":62}},"branchMap":{"0":{"loc":{"start":{"line":19,"column":9},"end":{"line":19,"column":24}},"type":"binary-expr","locations":[{"start":{"line":19,"column":9},"end":{"line":19,"column":16}},{"start":{"line":19,"column":20},"end":{"line":19,"column":24}}],"line":19},"1":{"loc":{"start":{"line":37,"column":2},"end":{"line":40,"column":3}},"type":"if","locations":[{"start":{"line":37,"column":2},"end":{"line":40,"column":3}},{"start":{},"end":{}}],"line":37},"2":{"loc":{"start":{"line":41,"column":2},"end":{"line":44,"column":3}},"type":"if","locations":[{"start":{"line":41,"column":2},"end":{"line":44,"column":3}},{"start":{},"end":{}}],"line":41},"3":{"loc":{"start":{"line":47,"column":2},"end":{"line":47,"column":39}},"type":"if","locations":[{"start":{"line":47,"column":2},"end":{"line":47,"column":39}},{"start":{},"end":{}}],"line":47},"4":{"loc":{"start":{"line":59,"column":9},"end":{"line":59,"column":24}},"type":"binary-expr","locations":[{"start":{"line":59,"column":9},"end":{"line":59,"column":16}},{"start":{"line":59,"column":20},"end":{"line":59,"column":24}}],"line":59}},"s":{"0":1,"1":1,"2":3,"3":3,"4":23,"5":22,"6":1,"7":1,"8":1,"9":1,"10":0,"11":0,"12":1,"13":1,"14":1,"15":1,"16":0,"17":1,"18":1,"19":1,"20":1,"21":1},"f":{"0":1,"1":3,"2":23,"3":1,"4":1},"b":{"0":[3,2],"1":[0,1],"2":[1,0],"3":[0,1],"4":[1,0]},"_coverageSchema":"1a1c01bbd47fc00a2c39e90264f33305004495a9","hash":"84fb6510d1d833a06f4ec66c0ead33ecb45b3713"}
,"C:\\Users\\aysey\\OneDrive\\Masaüstü\\BIM539-Project\\src\\routes\\categories.routes.js": {"path":"C:\\Users\\aysey\\OneDrive\\Masaüstü\\BIM539-Project\\src\\routes\\categories.routes.js","statementMap":{"0":{"start":{"line":4,"column":15},"end":{"line":4,"column":23}},"1":{"start":{"line":14,"column":0},"end":{"line":14,"column":24}},"2":{"start":{"line":30,"column":0},"end":{"line":30,"column":30}},"3":{"start":{"line":50,"column":0},"end":{"line":50,"column":27}},"4":{"start":{"line":75,"column":0},"end":{"line":75,"column":31}},"5":{"start":{"line":91,"column":0},"end":{"line":91,"column":32}}},"fnMap":{},"branchMap":{},"s":{"0":7,"1":7,"2":7,"3":7,"4":7,"5":7},"f":{},"b":{},"_coverageSchema":"1a1c01bbd47fc00a2c39e90264f33305004495a9","hash":"0b2bda016f315b74146bf978edfe8316ae6b2aba"}
,"C:\\Users\\aysey\\OneDrive\\Masaüstü\\BIM539-Project\\src\\routes\\health.routes.js": {"path":"C:\\Users\\aysey\\OneDrive\\Masaüstü\\BIM539-Project\\src\\routes\\health.routes.js","statementMap":{"0":{"start":{"line":4,"column":15},"end":{"line":4,"column":23}},"1":{"start":{"line":17,"column":0},"end":{"line":24,"column":3}},"2":{"start":{"line":18,"column":2},"end":{"line":23,"column":3}},"3":{"start":{"line":19,"column":4},"end":{"line":19,"column":28}},"4":{"start":{"line":20,"column":4},"end":{"line":20,"column":56}},"5":{"start":{"line":22,"column":4},"end":{"line":22,"column":73}}},"fnMap":{"0":{"name":"(anonymous_0)","decl":{"start":{"line":17,"column":18},"end":{"line":17,"column":19}},"loc":{"start":{"line":17,"column":38},"end":{"line":24,"column":1}},"line":17}},"branchMap":{},"s":{"0":7,"1":7,"2":1,"3":1,"4":1,"5":0},"f":{"0":1},"b":{},"_coverageSchema":"1a1c01bbd47fc00a2c39e90264f33305004495a9","hash":"71a7254ebf3e5d6afa6df0a6d26a5fa98fb3238f"}
,"C:\\Users\\aysey\\OneDrive\\Masaüstü\\BIM539-Project\\src\\routes\\index.js": {"path":"C:\\Users\\aysey\\OneDrive\\Masaüstü\\BIM539-Project\\src\\routes\\index.js","statementMap":{"0":{"start":{"line":9,"column":15},"end":{"line":9,"column":23}},"1":{"start":{"line":11,"column":0},"end":{"line":11,"column":34}},"2":{"start":{"line":12,"column":0},"end":{"line":12,"column":36}},"3":{"start":{"line":13,"column":0},"end":{"line":13,"column":44}},"4":{"start":{"line":14,"column":0},"end":{"line":14,"column":40}},"5":{"start":{"line":15,"column":0},"end":{"line":15,"column":36}},"6":{"start":{"line":16,"column":0},"end":{"line":16,"column":38}}},"fnMap":{},"branchMap":{},"s":{"0":7,"1":7,"2":7,"3":7,"4":7,"5":7,"6":7},"f":{},"b":{},"_coverageSchema":"1a1c01bbd47fc00a2c39e90264f33305004495a9","hash":"993e79f06a5b17ffa8c3a91f3e6a1adbffe1d2f3"}
,"C:\\Users\\aysey\\OneDrive\\Masaüstü\\BIM539-Project\\src\\routes\\orders.routes.js": {"path":"C:\\Users\\aysey\\OneDrive\\Masaüstü\\BIM539-Project\\src\\routes\\orders.routes.js","statementMap":{"0":{"start":{"line":4,"column":15},"end":{"line":4,"column":23}},"1":{"start":{"line":14,"column":0},"end":{"line":14,"column":24}},"2":{"start":{"line":30,"column":0},"end":{"line":30,"column":30}},"3":{"start":{"line":52,"column":0},"end":{"line":52,"column":27}},"4":{"start":{"line":79,"column":0},"end":{"line":79,"column":31}},"5":{"start":{"line":95,"column":0},"end":{"line":95,"column":32}}},"fnMap":{},"branchMap":{},"s":{"0":7,"1":7,"2":7,"3":7,"4":7,"5":7},"f":{},"b":{},"_coverageSchema":"1a1c01bbd47fc00a2c39e90264f33305004495a9","hash":"0f99d5746a54f5f739e0d95bb6aa4ff470abea6f"}
,"C:\\Users\\aysey\\OneDrive\\Masaüstü\\BIM539-Project\\src\\routes\\products.routes.js": {"path":"C:\\Users\\aysey\\OneDrive\\Masaüstü\\BIM539-Project\\src\\routes\\products.routes.js","statementMap":{"0":{"start":{"line":4,"column":15},"end":{"line":4,"column":23}},"1":{"start":{"line":14,"column":0},"end":{"line":14,"column":24}},"2":{"start":{"line":30,"column":0},"end":{"line":30,"column":30}},"3":{"start":{"line":52,"column":0},"end":{"line":52,"column":27}},"4":{"start":{"line":79,"column":0},"end":{"line":79,"column":31}},"5":{"start":{"line":95,"column":0},"end":{"line":95,"column":32}}},"fnMap":{},"branchMap":{},"s":{"0":7,"1":7,"2":7,"3":7,"4":7,"5":7},"f":{},"b":{},"_coverageSchema":"1a1c01bbd47fc00a2c39e90264f33305004495a9","hash":"87ac48484c9c0e8646f324adbb542c1c79177834"}
,"C:\\Users\\aysey\\OneDrive\\Masaüstü\\BIM539-Project\\src\\routes\\reviews.routes.js": {"path":"C:\\Users\\aysey\\OneDrive\\Masaüstü\\BIM539-Project\\src\\routes\\reviews.routes.js","statementMap":{"0":{"start":{"line":4,"column":15},"end":{"line":4,"column":23}},"1":{"start":{"line":14,"column":0},"end":{"line":14,"column":24}},"2":{"start":{"line":30,"column":0},"end":{"line":30,"column":30}},"3":{"start":{"line":53,"column":0},"end":{"line":53,"column":27}},"4":{"start":{"line":79,"column":0},"end":{"line":79,"column":31}},"5":{"start":{"line":95,"column":0},"end":{"line":95,"column":32}}},"fnMap":{},"branchMap":{},"s":{"0":7,"1":7,"2":7,"3":7,"4":7,"5":7},"f":{},"b":{},"_coverageSchema":"1a1c01bbd47fc00a2c39e90264f33305004495a9","hash":"4b9e866a4928e99a740ccb688087241a6be98746"}
,"C:\\Users\\aysey\\OneDrive\\Masaüstü\\BIM539-Project\\src\\routes\\users.routes.js": {"path":"C:\\Users\\aysey\\OneDrive\\Masaüstü\\BIM539-Project\\src\\routes\\users.routes.js","statementMap":{"0":{"start":{"line":4,"column":15},"end":{"line":4,"column":23}},"1":{"start":{"line":15,"column":0},"end":{"line":15,"column":24}},"2":{"start":{"line":31,"column":0},"end":{"line":31,"column":30}},"3":{"start":{"line":52,"column":0},"end":{"line":52,"column":27}},"4":{"start":{"line":78,"column":0},"end":{"line":78,"column":31}},"5":{"start":{"line":94,"column":0},"end":{"line":94,"column":32}}},"fnMap":{},"branchMap":{},"s":{"0":7,"1":7,"2":7,"3":7,"4":7,"5":7},"f":{},"b":{},"_coverageSchema":"1a1c01bbd47fc00a2c39e90264f33305004495a9","hash":"49b216f74b073b1266c3dbc7dc162ca93dbc7cb7"}
,"C:\\Users\\aysey\\OneDrive\\Masaüstü\\BIM539-Project\\src\\services\\categories.service.js": {"path":"C:\\Users\\aysey\\OneDrive\\Masaüstü\\BIM539-Project\\src\\services\\categories.service.js","statementMap":{"0":{"start":{"line":5,"column":2},"end":{"line":5,"column":34}},"1":{"start":{"line":9,"column":2},"end":{"line":9,"column":35}},"2":{"start":{"line":13,"column":17},"end":{"line":13,"column":56}},"3":{"start":{"line":14,"column":2},"end":{"line":16,"column":3}},"4":{"start":{"line":15,"column":4},"end":{"line":15,"column":68}},"5":{"start":{"line":18,"column":2},"end":{"line":26,"column":3}},"6":{"start":{"line":19,"column":21},"end":{"line":19,"column":59}},"7":{"start":{"line":20,"column":4},"end":{"line":20,"column":30}},"8":{"start":{"line":22,"column":4},"end":{"line":24,"column":5}},"9":{"start":{"line":23,"column":6},"end":{"line":23,"column":81}},"10":{"start":{"line":25,"column":4},"end":{"line":25,"column":12}},"11":{"start":{"line":30,"column":17},"end":{"line":30,"column":56}},"12":{"start":{"line":31,"column":2},"end":{"line":33,"column":3}},"13":{"start":{"line":32,"column":4},"end":{"line":32,"column":68}},"14":{"start":{"line":35,"column":18},"end":{"line":35,"column":60}},"15":{"start":{"line":36,"column":2},"end":{"line":36,"column":81}},"16":{"start":{"line":36,"column":16},"end":{"line":36,"column":81}},"17":{"start":{"line":38,"column":2},"end":{"line":38,"column":27}},"18":{"start":{"line":42,"column":13},"end":{"line":42,"column":42}},"19":{"start":{"line":43,"column":2},"end":{"line":43,"column":76}},"20":{"start":{"line":43,"column":11},"end":{"line":43,"column":76}},"21":{"start":{"line":44,"column":2},"end":{"line":44,"column":37}}},"fnMap":{"0":{"name":"listCategories","decl":{"start":{"line":4,"column":22},"end":{"line":4,"column":36}},"loc":{"start":{"line":4,"column":39},"end":{"line":6,"column":1}},"line":4},"1":{"name":"getCategory","decl":{"start":{"line":8,"column":22},"end":{"line":8,"column":33}},"loc":{"start":{"line":8,"column":38},"end":{"line":10,"column":1}},"line":8},"2":{"name":"addCategory","decl":{"start":{"line":12,"column":22},"end":{"line":12,"column":33}},"loc":{"start":{"line":12,"column":43},"end":{"line":27,"column":1}},"line":12},"3":{"name":"editCategory","decl":{"start":{"line":29,"column":22},"end":{"line":29,"column":34}},"loc":{"start":{"line":29,"column":48},"end":{"line":39,"column":1}},"line":29},"4":{"name":"removeCategory","decl":{"start":{"line":41,"column":22},"end":{"line":41,"column":36}},"loc":{"start":{"line":41,"column":41},"end":{"line":45,"column":1}},"line":41}},"branchMap":{"0":{"loc":{"start":{"line":14,"column":2},"end":{"line":16,"column":3}},"type":"if","locations":[{"start":{"line":14,"column":2},"end":{"line":16,"column":3}},{"start":{},"end":{}}],"line":14},"1":{"loc":{"start":{"line":22,"column":4},"end":{"line":24,"column":5}},"type":"if","locations":[{"start":{"line":22,"column":4},"end":{"line":24,"column":5}},{"start":{},"end":{}}],"line":22},"2":{"loc":{"start":{"line":22,"column":8},"end":{"line":22,"column":31}},"type":"binary-expr","locations":[{"start":{"line":22,"column":8},"end":{"line":22,"column":9}},{"start":{"line":22,"column":13},"end":{"line":22,"column":31}}],"line":22},"3":{"loc":{"start":{"line":31,"column":2},"end":{"line":33,"column":3}},"type":"if","locations":[{"start":{"line":31,"column":2},"end":{"line":33,"column":3}},{"start":{},"end":{}}],"line":31},"4":{"loc":{"start":{"line":36,"column":2},"end":{"line":36,"column":81}},"type":"if","locations":[{"start":{"line":36,"column":2},"end":{"line":36,"column":81}},{"start":{},"end":{}}],"line":36},"5":{"loc":{"start":{"line":43,"column":2},"end":{"line":43,"column":76}},"type":"if","locations":[{"start":{"line":43,"column":2},"end":{"line":43,"column":76}},{"start":{},"end":{}}],"line":43}},"s":{"0":1,"1":3,"2":21,"3":21,"4":0,"5":21,"6":21,"7":20,"8":1,"9":1,"10":0,"11":1,"12":1,"13":0,"14":1,"15":1,"16":0,"17":1,"18":1,"19":1,"20":0,"21":1},"f":{"0":1,"1":3,"2":21,"3":1,"4":1},"b":{"0":[0,21],"1":[1,0],"2":[1,1],"3":[0,1],"4":[0,1],"5":[0,1]},"_coverageSchema":"1a1c01bbd47fc00a2c39e90264f33305004495a9","hash":"6cad0077ccaba7773da09701f6c2fdba93f0e905"}
,"C:\\Users\\aysey\\OneDrive\\Masaüstü\\BIM539-Project\\src\\services\\orders.service.js": {"path":"C:\\Users\\aysey\\OneDrive\\Masaüstü\\BIM539-Project\\src\\services\\orders.service.js","statementMap":{"0":{"start":{"line":5,"column":2},"end":{"line":5,"column":30}},"1":{"start":{"line":9,"column":2},"end":{"line":9,"column":32}},"2":{"start":{"line":13,"column":17},"end":{"line":13,"column":53}},"3":{"start":{"line":14,"column":2},"end":{"line":16,"column":3}},"4":{"start":{"line":15,"column":4},"end":{"line":15,"column":68}},"5":{"start":{"line":18,"column":13},"end":{"line":18,"column":54}},"6":{"start":{"line":19,"column":2},"end":{"line":19,"column":77}},"7":{"start":{"line":19,"column":11},"end":{"line":19,"column":77}},"8":{"start":{"line":21,"column":16},"end":{"line":21,"column":51}},"9":{"start":{"line":22,"column":2},"end":{"line":22,"column":25}},"10":{"start":{"line":26,"column":17},"end":{"line":26,"column":53}},"11":{"start":{"line":27,"column":2},"end":{"line":29,"column":3}},"12":{"start":{"line":28,"column":4},"end":{"line":28,"column":68}},"13":{"start":{"line":31,"column":2},"end":{"line":34,"column":3}},"14":{"start":{"line":32,"column":15},"end":{"line":32,"column":56}},"15":{"start":{"line":33,"column":4},"end":{"line":33,"column":79}},"16":{"start":{"line":33,"column":13},"end":{"line":33,"column":79}},"17":{"start":{"line":36,"column":18},"end":{"line":36,"column":57}},"18":{"start":{"line":37,"column":2},"end":{"line":37,"column":78}},"19":{"start":{"line":37,"column":16},"end":{"line":37,"column":78}},"20":{"start":{"line":39,"column":2},"end":{"line":39,"column":27}},"21":{"start":{"line":43,"column":13},"end":{"line":43,"column":39}},"22":{"start":{"line":44,"column":2},"end":{"line":44,"column":73}},"23":{"start":{"line":44,"column":11},"end":{"line":44,"column":73}},"24":{"start":{"line":45,"column":2},"end":{"line":45,"column":37}}},"fnMap":{"0":{"name":"listOrders","decl":{"start":{"line":4,"column":22},"end":{"line":4,"column":32}},"loc":{"start":{"line":4,"column":35},"end":{"line":6,"column":1}},"line":4},"1":{"name":"getOrder","decl":{"start":{"line":8,"column":22},"end":{"line":8,"column":30}},"loc":{"start":{"line":8,"column":35},"end":{"line":10,"column":1}},"line":8},"2":{"name":"addOrder","decl":{"start":{"line":12,"column":22},"end":{"line":12,"column":30}},"loc":{"start":{"line":12,"column":40},"end":{"line":23,"column":1}},"line":12},"3":{"name":"editOrder","decl":{"start":{"line":25,"column":22},"end":{"line":25,"column":31}},"loc":{"start":{"line":25,"column":45},"end":{"line":40,"column":1}},"line":25},"4":{"name":"removeOrder","decl":{"start":{"line":42,"column":22},"end":{"line":42,"column":33}},"loc":{"start":{"line":42,"column":38},"end":{"line":46,"column":1}},"line":42}},"branchMap":{"0":{"loc":{"start":{"line":14,"column":2},"end":{"line":16,"column":3}},"type":"if","locations":[{"start":{"line":14,"column":2},"end":{"line":16,"column":3}},{"start":{},"end":{}}],"line":14},"1":{"loc":{"start":{"line":19,"column":2},"end":{"line":19,"column":77}},"type":"if","locations":[{"start":{"line":19,"column":2},"end":{"line":19,"column":77}},{"start":{},"end":{}}],"line":19},"2":{"loc":{"start":{"line":27,"column":2},"end":{"line":29,"column":3}},"type":"if","locations":[{"start":{"line":27,"column":2},"end":{"line":29,"column":3}},{"start":{},"end":{}}],"line":27},"3":{"loc":{"start":{"line":31,"column":2},"end":{"line":34,"column":3}},"type":"if","locations":[{"start":{"line":31,"column":2},"end":{"line":34,"column":3}},{"start":{},"end":{}}],"line":31},"4":{"loc":{"start":{"line":33,"column":4},"end":{"line":33,"column":79}},"type":"if","locations":[{"start":{"line":33,"column":4},"end":{"line":33,"column":79}},{"start":{},"end":{}}],"line":33},"5":{"loc":{"start":{"line":37,"column":2},"end":{"line":37,"column":78}},"type":"if","locations":[{"start":{"line":37,"column":2},"end":{"line":37,"column":78}},{"start":{},"end":{}}],"line":37},"6":{"loc":{"start":{"line":44,"column":2},"end":{"line":44,"column":73}},"type":"if","locations":[{"start":{"line":44,"column":2},"end":{"line":44,"column":73}},{"start":{},"end":{}}],"line":44}},"s":{"0":2,"1":3,"2":8,"3":8,"4":0,"5":8,"6":8,"7":1,"8":7,"9":7,"10":2,"11":2,"12":1,"13":1,"14":0,"15":0,"16":0,"17":1,"18":1,"19":0,"20":1,"21":1,"22":1,"23":0,"24":1},"f":{"0":2,"1":3,"2":8,"3":2,"4":1},"b":{"0":[0,8],"1":[1,7],"2":[1,1],"3":[0,1],"4":[0,0],"5":[0,1],"6":[0,1]},"_coverageSchema":"1a1c01bbd47fc00a2c39e90264f33305004495a9","hash":"0f129b54cec9196563015cf6e1f8e6d2c2dd82a7"}
,"C:\\Users\\aysey\\OneDrive\\Masaüstü\\BIM539-Project\\src\\services\\products.service.js": {"path":"C:\\Users\\aysey\\OneDrive\\Masaüstü\\BIM539-Project\\src\\services\\products.service.js","statementMap":{"0":{"start":{"line":5,"column":2},"end":{"line":5,"column":32}},"1":{"start":{"line":9,"column":2},"end":{"line":9,"column":34}},"2":{"start":{"line":13,"column":17},"end":{"line":13,"column":55}},"3":{"start":{"line":14,"column":2},"end":{"line":16,"column":3}},"4":{"start":{"line":15,"column":4},"end":{"line":15,"column":68}},"5":{"start":{"line":19,"column":13},"end":{"line":19,"column":62}},"6":{"start":{"line":20,"column":2},"end":{"line":20,"column":81}},"7":{"start":{"line":20,"column":11},"end":{"line":20,"column":81}},"8":{"start":{"line":22,"column":18},"end":{"line":22,"column":55}},"9":{"start":{"line":23,"column":2},"end":{"line":23,"column":27}},"10":{"start":{"line":27,"column":17},"end":{"line":27,"column":55}},"11":{"start":{"line":28,"column":2},"end":{"line":30,"column":3}},"12":{"start":{"line":29,"column":4},"end":{"line":29,"column":68}},"13":{"start":{"line":32,"column":2},"end":{"line":35,"column":3}},"14":{"start":{"line":33,"column":15},"end":{"line":33,"column":64}},"15":{"start":{"line":34,"column":4},"end":{"line":34,"column":83}},"16":{"start":{"line":34,"column":13},"end":{"line":34,"column":83}},"17":{"start":{"line":37,"column":18},"end":{"line":37,"column":59}},"18":{"start":{"line":38,"column":2},"end":{"line":38,"column":80}},"19":{"start":{"line":38,"column":16},"end":{"line":38,"column":80}},"20":{"start":{"line":40,"column":2},"end":{"line":40,"column":27}},"21":{"start":{"line":44,"column":13},"end":{"line":44,"column":41}},"22":{"start":{"line":45,"column":2},"end":{"line":45,"column":75}},"23":{"start":{"line":45,"column":11},"end":{"line":45,"column":75}},"24":{"start":{"line":46,"column":2},"end":{"line":46,"column":37}}},"fnMap":{"0":{"name":"listProducts","decl":{"start":{"line":4,"column":22},"end":{"line":4,"column":34}},"loc":{"start":{"line":4,"column":37},"end":{"line":6,"column":1}},"line":4},"1":{"name":"getProduct","decl":{"start":{"line":8,"column":22},"end":{"line":8,"column":32}},"loc":{"start":{"line":8,"column":37},"end":{"line":10,"column":1}},"line":8},"2":{"name":"addProduct","decl":{"start":{"line":12,"column":22},"end":{"line":12,"column":32}},"loc":{"start":{"line":12,"column":42},"end":{"line":24,"column":1}},"line":12},"3":{"name":"editProduct","decl":{"start":{"line":26,"column":22},"end":{"line":26,"column":33}},"loc":{"start":{"line":26,"column":47},"end":{"line":41,"column":1}},"line":26},"4":{"name":"removeProduct","decl":{"start":{"line":43,"column":22},"end":{"line":43,"column":35}},"loc":{"start":{"line":43,"column":40},"end":{"line":47,"column":1}},"line":43}},"branchMap":{"0":{"loc":{"start":{"line":14,"column":2},"end":{"line":16,"column":3}},"type":"if","locations":[{"start":{"line":14,"column":2},"end":{"line":16,"column":3}},{"start":{},"end":{}}],"line":14},"1":{"loc":{"start":{"line":20,"column":2},"end":{"line":20,"column":81}},"type":"if","locations":[{"start":{"line":20,"column":2},"end":{"line":20,"column":81}},{"start":{},"end":{}}],"line":20},"2":{"loc":{"start":{"line":28,"column":2},"end":{"line":30,"column":3}},"type":"if","locations":[{"start":{"line":28,"column":2},"end":{"line":30,"column":3}},{"start":{},"end":{}}],"line":28},"3":{"loc":{"start":{"line":32,"column":2},"end":{"line":35,"column":3}},"type":"if","locations":[{"start":{"line":32,"column":2},"end":{"line":35,"column":3}},{"start":{},"end":{}}],"line":32},"4":{"loc":{"start":{"line":34,"column":4},"end":{"line":34,"column":83}},"type":"if","locations":[{"start":{"line":34,"column":4},"end":{"line":34,"column":83}},{"start":{},"end":{}}],"line":34},"5":{"loc":{"start":{"line":38,"column":2},"end":{"line":38,"column":80}},"type":"if","locations":[{"start":{"line":38,"column":2},"end":{"line":38,"column":80}},{"start":{},"end":{}}],"line":38},"6":{"loc":{"start":{"line":45,"column":2},"end":{"line":45,"column":75}},"type":"if","locations":[{"start":{"line":45,"column":2},"end":{"line":45,"column":75}},{"start":{},"end":{}}],"line":45}},"s":{"0":2,"1":3,"2":15,"3":15,"4":0,"5":15,"6":15,"7":1,"8":14,"9":14,"10":1,"11":1,"12":0,"13":1,"14":0,"15":0,"16":0,"17":1,"18":1,"19":0,"20":1,"21":1,"22":1,"23":0,"24":1},"f":{"0":2,"1":3,"2":15,"3":1,"4":1},"b":{"0":[0,15],"1":[1,14],"2":[0,1],"3":[0,1],"4":[0,0],"5":[0,1],"6":[0,1]},"_coverageSchema":"1a1c01bbd47fc00a2c39e90264f33305004495a9","hash":"2f0b0d675255a12a30eb271b1eaa5d6b8f310a74"}
,"C:\\Users\\aysey\\OneDrive\\Masaüstü\\BIM539-Project\\src\\services\\reviews.service.js": {"path":"C:\\Users\\aysey\\OneDrive\\Masaüstü\\BIM539-Project\\src\\services\\reviews.service.js","statementMap":{"0":{"start":{"line":5,"column":2},"end":{"line":5,"column":31}},"1":{"start":{"line":9,"column":2},"end":{"line":9,"column":33}},"2":{"start":{"line":13,"column":17},"end":{"line":13,"column":54}},"3":{"start":{"line":14,"column":2},"end":{"line":16,"column":3}},"4":{"start":{"line":15,"column":4},"end":{"line":15,"column":68}},"5":{"start":{"line":18,"column":17},"end":{"line":18,"column":58}},"6":{"start":{"line":19,"column":2},"end":{"line":19,"column":81}},"7":{"start":{"line":19,"column":15},"end":{"line":19,"column":81}},"8":{"start":{"line":21,"column":20},"end":{"line":21,"column":67}},"9":{"start":{"line":22,"column":2},"end":{"line":22,"column":87}},"10":{"start":{"line":22,"column":18},"end":{"line":22,"column":87}},"11":{"start":{"line":24,"column":2},"end":{"line":30,"column":3}},"12":{"start":{"line":25,"column":19},"end":{"line":25,"column":55}},"13":{"start":{"line":26,"column":4},"end":{"line":26,"column":28}},"14":{"start":{"line":29,"column":4},"end":{"line":29,"column":85}},"15":{"start":{"line":34,"column":17},"end":{"line":34,"column":54}},"16":{"start":{"line":35,"column":2},"end":{"line":37,"column":3}},"17":{"start":{"line":36,"column":4},"end":{"line":36,"column":68}},"18":{"start":{"line":39,"column":18},"end":{"line":39,"column":58}},"19":{"start":{"line":40,"column":2},"end":{"line":40,"column":79}},"20":{"start":{"line":40,"column":16},"end":{"line":40,"column":79}},"21":{"start":{"line":42,"column":2},"end":{"line":42,"column":27}},"22":{"start":{"line":46,"column":13},"end":{"line":46,"column":40}},"23":{"start":{"line":47,"column":2},"end":{"line":47,"column":74}},"24":{"start":{"line":47,"column":11},"end":{"line":47,"column":74}},"25":{"start":{"line":48,"column":2},"end":{"line":48,"column":37}}},"fnMap":{"0":{"name":"listReviews","decl":{"start":{"line":4,"column":22},"end":{"line":4,"column":33}},"loc":{"start":{"line":4,"column":36},"end":{"line":6,"column":1}},"line":4},"1":{"name":"getReview","decl":{"start":{"line":8,"column":22},"end":{"line":8,"column":31}},"loc":{"start":{"line":8,"column":36},"end":{"line":10,"column":1}},"line":8},"2":{"name":"addReview","decl":{"start":{"line":12,"column":22},"end":{"line":12,"column":31}},"loc":{"start":{"line":12,"column":41},"end":{"line":31,"column":1}},"line":12},"3":{"name":"editReview","decl":{"start":{"line":33,"column":22},"end":{"line":33,"column":32}},"loc":{"start":{"line":33,"column":46},"end":{"line":43,"column":1}},"line":33},"4":{"name":"removeReview","decl":{"start":{"line":45,"column":22},"end":{"line":45,"column":34}},"loc":{"start":{"line":45,"column":39},"end":{"line":49,"column":1}},"line":45}},"branchMap":{"0":{"loc":{"start":{"line":14,"column":2},"end":{"line":16,"column":3}},"type":"if","locations":[{"start":{"line":14,"column":2},"end":{"line":16,"column":3}},{"start":{},"end":{}}],"line":14},"1":{"loc":{"start":{"line":19,"column":2},"end":{"line":19,"column":81}},"type":"if","locations":[{"start":{"line":19,"column":2},"end":{"line":19,"column":81}},{"start":{},"end":{}}],"line":19},"2":{"loc":{"start":{"line":22,"column":2},"end":{"line":22,"column":87}},"type":"if","locations":[{"start":{"line":22,"column":2},"end":{"line":22,"column":87}},{"start":{},"end":{}}],"line":22},"3":{"loc":{"start":{"line":35,"column":2},"end":{"line":37,"column":3}},"type":"if","locations":[{"start":{"line":35,"column":2},"end":{"line":37,"column":3}},{"start":{},"end":{}}],"line":35},"4":{"loc":{"start":{"line":40,"column":2},"end":{"line":40,"column":79}},"type":"if","locations":[{"start":{"line":40,"column":2},"end":{"line":40,"column":79}},{"start":{},"end":{}}],"line":40},"5":{"loc":{"start":{"line":47,"column":2},"end":{"line":47,"column":74}},"type":"if","locations":[{"start":{"line":47,"column":2},"end":{"line":47,"column":74}},{"start":{},"end":{}}],"line":47}},"s":{"0":2,"1":3,"2":12,"3":12,"4":1,"5":11,"6":11,"7":0,"8":11,"9":11,"10":1,"11":10,"12":10,"13":8,"14":2,"15":1,"16":1,"17":0,"18":1,"19":1,"20":0,"21":1,"22":1,"23":1,"24":0,"25":1},"f":{"0":2,"1":3,"2":12,"3":1,"4":1},"b":{"0":[1,11],"1":[0,11],"2":[1,10],"3":[0,1],"4":[0,1],"5":[0,1]},"_coverageSchema":"1a1c01bbd47fc00a2c39e90264f33305004495a9","hash":"14aa9888fb36baa2ab181e95c7faf889ab8e96ee"}
,"C:\\Users\\aysey\\OneDrive\\Masaüstü\\BIM539-Project\\src\\services\\users.service.js": {"path":"C:\\Users\\aysey\\OneDrive\\Masaüstü\\BIM539-Project\\src\\services\\users.service.js","statementMap":{"0":{"start":{"line":5,"column":2},"end":{"line":5,"column":29}},"1":{"start":{"line":9,"column":2},"end":{"line":9,"column":31}},"2":{"start":{"line":13,"column":17},"end":{"line":13,"column":52}},"3":{"start":{"line":14,"column":2},"end":{"line":16,"column":3}},"4":{"start":{"line":15,"column":4},"end":{"line":15,"column":68}},"5":{"start":{"line":18,"column":2},"end":{"line":24,"column":3}},"6":{"start":{"line":19,"column":17},"end":{"line":19,"column":51}},"7":{"start":{"line":20,"column":4},"end":{"line":20,"column":26}},"8":{"start":{"line":23,"column":4},"end":{"line":23,"column":71}},"9":{"start":{"line":28,"column":17},"end":{"line":28,"column":52}},"10":{"start":{"line":29,"column":2},"end":{"line":31,"column":3}},"11":{"start":{"line":30,"column":4},"end":{"line":30,"column":68}},"12":{"start":{"line":33,"column":18},"end":{"line":33,"column":56}},"13":{"start":{"line":34,"column":2},"end":{"line":34,"column":77}},"14":{"start":{"line":34,"column":16},"end":{"line":34,"column":77}},"15":{"start":{"line":36,"column":2},"end":{"line":36,"column":27}},"16":{"start":{"line":40,"column":13},"end":{"line":40,"column":38}},"17":{"start":{"line":41,"column":2},"end":{"line":41,"column":72}},"18":{"start":{"line":41,"column":11},"end":{"line":41,"column":72}},"19":{"start":{"line":42,"column":2},"end":{"line":42,"column":37}}},"fnMap":{"0":{"name":"listUsers","decl":{"start":{"line":4,"column":22},"end":{"line":4,"column":31}},"loc":{"start":{"line":4,"column":34},"end":{"line":6,"column":1}},"line":4},"1":{"name":"getUser","decl":{"start":{"line":8,"column":22},"end":{"line":8,"column":29}},"loc":{"start":{"line":8,"column":34},"end":{"line":10,"column":1}},"line":8},"2":{"name":"addUser","decl":{"start":{"line":12,"column":22},"end":{"line":12,"column":29}},"loc":{"start":{"line":12,"column":39},"end":{"line":25,"column":1}},"line":12},"3":{"name":"editUser","decl":{"start":{"line":27,"column":22},"end":{"line":27,"column":30}},"loc":{"start":{"line":27,"column":44},"end":{"line":37,"column":1}},"line":27},"4":{"name":"removeUser","decl":{"start":{"line":39,"column":22},"end":{"line":39,"column":32}},"loc":{"start":{"line":39,"column":37},"end":{"line":43,"column":1}},"line":39}},"branchMap":{"0":{"loc":{"start":{"line":14,"column":2},"end":{"line":16,"column":3}},"type":"if","locations":[{"start":{"line":14,"column":2},"end":{"line":16,"column":3}},{"start":{},"end":{}}],"line":14},"1":{"loc":{"start":{"line":29,"column":2},"end":{"line":31,"column":3}},"type":"if","locations":[{"start":{"line":29,"column":2},"end":{"line":31,"column":3}},{"start":{},"end":{}}],"line":29},"2":{"loc":{"start":{"line":34,"column":2},"end":{"line":34,"column":77}},"type":"if","locations":[{"start":{"line":34,"column":2},"end":{"line":34,"column":77}},{"start":{},"end":{}}],"line":34},"3":{"loc":{"start":{"line":41,"column":2},"end":{"line":41,"column":72}},"type":"if","locations":[{"start":{"line":41,"column":2},"end":{"line":41,"column":72}},{"start":{},"end":{}}],"line":41}},"s":{"0":1,"1":3,"2":23,"3":23,"4":0,"5":23,"6":23,"7":22,"8":1,"9":1,"10":1,"11":0,"12":1,"13":1,"14":0,"15":1,"16":1,"17":1,"18":0,"19":1},"f":{"0":1,"1":3,"2":23,"3":1,"4":1},"b":{"0":[0,23],"1":[0,1],"2":[0,1],"3":[0,1]},"_coverageSchema":"1a1c01bbd47fc00a2c39e90264f33305004495a9","hash":"5668b5e6fb9afeebdffebb0d1c90924e1d01ee42"}
,"C:\\Users\\aysey\\OneDrive\\Masaüstü\\BIM539-Project\\src\\validators\\categories.schema.js": {"path":"C:\\Users\\aysey\\OneDrive\\Masaüstü\\BIM539-Project\\src\\validators\\categories.schema.js","statementMap":{"0":{"start":{"line":3,"column":36},"end":{"line":5,"column":2}},"1":{"start":{"line":7,"column":36},"end":{"line":13,"column":4}},"2":{"start":{"line":11,"column":20},"end":{"line":11,"column":48}}},"fnMap":{"0":{"name":"(anonymous_0)","decl":{"start":{"line":11,"column":10},"end":{"line":11,"column":11}},"loc":{"start":{"line":11,"column":20},"end":{"line":11,"column":48}},"line":11}},"branchMap":{},"s":{"0":8,"1":8,"2":2},"f":{"0":2},"b":{},"_coverageSchema":"1a1c01bbd47fc00a2c39e90264f33305004495a9","hash":"94ace29d08daa0f488fa1872b5e5d53e11db0d54"}
,"C:\\Users\\aysey\\OneDrive\\Masaüstü\\BIM539-Project\\src\\validators\\orders.schema.js": {"path":"C:\\Users\\aysey\\OneDrive\\Masaüstü\\BIM539-Project\\src\\validators\\orders.schema.js","statementMap":{"0":{"start":{"line":3,"column":24},"end":{"line":3,"column":67}},"1":{"start":{"line":5,"column":33},"end":{"line":11,"column":2}},"2":{"start":{"line":8,"column":46},"end":{"line":8,"column":79}},"3":{"start":{"line":13,"column":33},"end":{"line":23,"column":4}},"4":{"start":{"line":17,"column":48},"end":{"line":17,"column":81}},"5":{"start":{"line":21,"column":20},"end":{"line":21,"column":48}}},"fnMap":{"0":{"name":"(anonymous_0)","decl":{"start":{"line":8,"column":39},"end":{"line":8,"column":40}},"loc":{"start":{"line":8,"column":46},"end":{"line":8,"column":79}},"line":8},"1":{"name":"(anonymous_1)","decl":{"start":{"line":17,"column":41},"end":{"line":17,"column":42}},"loc":{"start":{"line":17,"column":48},"end":{"line":17,"column":81}},"line":17},"2":{"name":"(anonymous_2)","decl":{"start":{"line":21,"column":10},"end":{"line":21,"column":11}},"loc":{"start":{"line":21,"column":20},"end":{"line":21,"column":48}},"line":21}},"branchMap":{"0":{"loc":{"start":{"line":8,"column":46},"end":{"line":8,"column":79}},"type":"binary-expr","locations":[{"start":{"line":8,"column":46},"end":{"line":8,"column":48}},{"start":{"line":8,"column":52},"end":{"line":8,"column":79}}],"line":8},"1":{"loc":{"start":{"line":17,"column":48},"end":{"line":17,"column":81}},"type":"binary-expr","locations":[{"start":{"line":17,"column":48},"end":{"line":17,"column":50}},{"start":{"line":17,"column":54},"end":{"line":17,"column":81}}],"line":17}},"s":{"0":8,"1":8,"2":10,"3":8,"4":3,"5":3},"f":{"0":10,"1":3,"2":3},"b":{"0":[10,10],"1":[3,2]},"_coverageSchema":"1a1c01bbd47fc00a2c39e90264f33305004495a9","hash":"62f02b0fd161e3d78cbf0b6338e7d01211e07972"}
,"C:\\Users\\aysey\\OneDrive\\Masaüstü\\BIM539-Project\\src\\validators\\products.schema.js": {"path":"C:\\Users\\aysey\\OneDrive\\Masaüstü\\BIM539-Project\\src\\validators\\products.schema.js","statementMap":{"0":{"start":{"line":3,"column":35},"end":{"line":7,"column":2}},"1":{"start":{"line":9,"column":35},"end":{"line":17,"column":4}},"2":{"start":{"line":15,"column":20},"end":{"line":15,"column":48}}},"fnMap":{"0":{"name":"(anonymous_0)","decl":{"start":{"line":15,"column":10},"end":{"line":15,"column":11}},"loc":{"start":{"line":15,"column":20},"end":{"line":15,"column":48}},"line":15}},"branchMap":{},"s":{"0":8,"1":8,"2":2},"f":{"0":2},"b":{},"_coverageSchema":"1a1c01bbd47fc00a2c39e90264f33305004495a9","hash":"4a0dec5a7eff00db2e7945a007e97ca2110505e5"}
,"C:\\Users\\aysey\\OneDrive\\Masaüstü\\BIM539-Project\\src\\validators\\reviews.schema.js": {"path":"C:\\Users\\aysey\\OneDrive\\Masaüstü\\BIM539-Project\\src\\validators\\reviews.schema.js","statementMap":{"0":{"start":{"line":3,"column":34},"end":{"line":8,"column":2}},"1":{"start":{"line":10,"column":34},"end":{"line":17,"column":4}},"2":{"start":{"line":15,"column":20},"end":{"line":15,"column":48}}},"fnMap":{"0":{"name":"(anonymous_0)","decl":{"start":{"line":15,"column":10},"end":{"line":15,"column":11}},"loc":{"start":{"line":15,"column":20},"end":{"line":15,"column":48}},"line":15}},"branchMap":{},"s":{"0":8,"1":8,"2":2},"f":{"0":2},"b":{},"_coverageSchema":"1a1c01bbd47fc00a2c39e90264f33305004495a9","hash":"361ae44de9d7a820cfa7e7b1c93bbb34dde48d98"}
,"C:\\Users\\aysey\\OneDrive\\Masaüstü\\BIM539-Project\\src\\validators\\users.schema.js": {"path":"C:\\Users\\aysey\\OneDrive\\Masaüstü\\BIM539-Project\\src\\validators\\users.schema.js","statementMap":{"0":{"start":{"line":3,"column":32},"end":{"line":6,"column":2}},"1":{"start":{"line":8,"column":32},"end":{"line":15,"column":4}},"2":{"start":{"line":13,"column":20},"end":{"line":13,"column":48}}},"fnMap":{"0":{"name":"(anonymous_0)","decl":{"start":{"line":13,"column":10},"end":{"line":13,"column":11}},"loc":{"start":{"line":13,"column":20},"end":{"line":13,"column":48}},"line":13}},"branchMap":{},"s":{"0":8,"1":8,"2":2},"f":{"0":2},"b":{},"_coverageSchema":"1a1c01bbd47fc00a2c39e90264f33305004495a9","hash":"59f05916d241178fe4b2c112c635d20cbfeaa5e2"}
}
