TN:
SF:src\app.js
FN:22,(anonymous_0)
FNF:1
FNH:0
FNDA:0,(anonymous_0)
DA:11,7
DA:13,7
DA:14,7
DA:15,7
DA:18,7
DA:20,7
DA:22,7
DA:23,0
LF:8
LH:7
BRF:0
BRH:0
end_of_record
TN:
SF:src\server.js
FN:4,(anonymous_0)
FNF:1
FNH:0
FNDA:0,(anonymous_0)
DA:4,0
DA:5,0
DA:6,0
LF:3
LH:0
BRF:0
BRH:0
end_of_record
TN:
SF:src\config\db.js
FN:14,query
FN:18,closeDb
FNF:2
FNH:2
FNDA:43,query
FNDA:12,closeDb
DA:4,12
DA:6,12
DA:15,43
DA:19,12
LF:4
LH:4
BRF:0
BRH:0
end_of_record
TN:
SF:src\config\env.js
FN:4,req
FNF:1
FNH:1
FNDA:60,req
DA:2,12
DA:5,60
DA:6,60
DA:7,0
DA:9,60
DA:12,12
LF:6
LH:5
BRDA:6,0,0,0
BRDA:6,0,1,60
BRDA:6,1,0,60
BRDA:6,1,1,60
BRDA:6,1,2,60
BRDA:13,2,0,12
BRDA:13,2,1,0
BRDA:14,3,0,12
BRDA:14,3,1,0
BRF:9
BRH:6
end_of_record
TN:
SF:src\controllers\categories.controller.js
FN:3,list
FN:12,getById
FN:23,create
FN:33,update
FN:44,remove
FNF:5
FNH:0
FNDA:0,list
FNDA:0,getById
FNDA:0,create
FNDA:0,update
FNDA:0,remove
DA:4,0
DA:5,0
DA:6,0
DA:8,0
DA:13,0
DA:14,0
DA:15,0
DA:16,0
DA:17,0
DA:19,0
DA:24,0
DA:25,0
DA:26,0
DA:27,0
DA:29,0
DA:34,0
DA:35,0
DA:36,0
DA:37,0
DA:38,0
DA:40,0
DA:45,0
DA:46,0
DA:47,0
DA:48,0
DA:49,0
DA:51,0
LF:27
LH:0
BRDA:16,0,0,0
BRDA:16,0,1,0
BRDA:26,1,0,0
BRDA:26,1,1,0
BRDA:37,2,0,0
BRDA:37,2,1,0
BRDA:48,3,0,0
BRDA:48,3,1,0
BRF:8
BRH:0
end_of_record
TN:
SF:src\controllers\orders.controller.js
FN:3,list
FN:12,getById
FN:23,create
FN:33,update
FN:44,remove
FNF:5
FNH:0
FNDA:0,list
FNDA:0,getById
FNDA:0,create
FNDA:0,update
FNDA:0,remove
DA:4,0
DA:5,0
DA:6,0
DA:8,0
DA:13,0
DA:14,0
DA:15,0
DA:16,0
DA:17,0
DA:19,0
DA:24,0
DA:25,0
DA:26,0
DA:27,0
DA:29,0
DA:34,0
DA:35,0
DA:36,0
DA:37,0
DA:38,0
DA:40,0
DA:45,0
DA:46,0
DA:47,0
DA:48,0
DA:49,0
DA:51,0
LF:27
LH:0
BRDA:16,0,0,0
BRDA:16,0,1,0
BRDA:26,1,0,0
BRDA:26,1,1,0
BRDA:37,2,0,0
BRDA:37,2,1,0
BRDA:48,3,0,0
BRDA:48,3,1,0
BRF:8
BRH:0
end_of_record
TN:
SF:src\controllers\products.controller.js
FN:3,list
FN:12,getById
FN:23,create
FN:33,update
FN:44,remove
FNF:5
FNH:0
FNDA:0,list
FNDA:0,getById
FNDA:0,create
FNDA:0,update
FNDA:0,remove
DA:4,0
DA:5,0
DA:6,0
DA:8,0
DA:13,0
DA:14,0
DA:15,0
DA:16,0
DA:17,0
DA:19,0
DA:24,0
DA:25,0
DA:26,0
DA:27,0
DA:29,0
DA:34,0
DA:35,0
DA:36,0
DA:37,0
DA:38,0
DA:40,0
DA:45,0
DA:46,0
DA:47,0
DA:48,0
DA:49,0
DA:51,0
LF:27
LH:0
BRDA:16,0,0,0
BRDA:16,0,1,0
BRDA:26,1,0,0
BRDA:26,1,1,0
BRDA:37,2,0,0
BRDA:37,2,1,0
BRDA:48,3,0,0
BRDA:48,3,1,0
BRF:8
BRH:0
end_of_record
TN:
SF:src\controllers\reviews.controller.js
FN:3,list
FN:12,getById
FN:23,create
FN:33,update
FN:44,remove
FNF:5
FNH:0
FNDA:0,list
FNDA:0,getById
FNDA:0,create
FNDA:0,update
FNDA:0,remove
DA:4,0
DA:5,0
DA:6,0
DA:8,0
DA:13,0
DA:14,0
DA:15,0
DA:16,0
DA:17,0
DA:19,0
DA:24,0
DA:25,0
DA:26,0
DA:27,0
DA:29,0
DA:34,0
DA:35,0
DA:36,0
DA:37,0
DA:38,0
DA:40,0
DA:45,0
DA:46,0
DA:47,0
DA:48,0
DA:49,0
DA:51,0
LF:27
LH:0
BRDA:16,0,0,0
BRDA:16,0,1,0
BRDA:26,1,0,0
BRDA:26,1,1,0
BRDA:37,2,0,0
BRDA:37,2,1,0
BRDA:48,3,0,0
BRDA:48,3,1,0
BRF:8
BRH:0
end_of_record
TN:
SF:src\controllers\users.controller.js
FN:3,list
FN:12,getById
FN:23,create
FN:33,update
FN:44,remove
FNF:5
FNH:0
FNDA:0,list
FNDA:0,getById
FNDA:0,create
FNDA:0,update
FNDA:0,remove
DA:4,0
DA:5,0
DA:6,0
DA:8,0
DA:13,0
DA:14,0
DA:15,0
DA:16,0
DA:17,0
DA:19,0
DA:24,0
DA:25,0
DA:26,0
DA:27,0
DA:29,0
DA:34,0
DA:35,0
DA:36,0
DA:37,0
DA:38,0
DA:40,0
DA:45,0
DA:46,0
DA:47,0
DA:48,0
DA:49,0
DA:51,0
LF:27
LH:0
BRDA:16,0,0,0
BRDA:16,0,1,0
BRDA:26,1,0,0
BRDA:26,1,1,0
BRDA:37,2,0,0
BRDA:37,2,1,0
BRDA:48,3,0,0
BRDA:48,3,1,0
BRF:8
BRH:0
end_of_record
TN:
SF:src\docs\swagger.js
FNF:0
FNH:0
DA:3,7
DA:19,7
LF:2
LH:2
BRF:0
BRH:0
end_of_record
TN:
SF:src\repositories\categories.repo.js
FN:3,findAllCategories
FN:12,findCategoryById
FN:22,createCategory
FN:32,updateCategory
FN:57,deleteCategory
FNF:5
FNH:0
FNDA:0,findAllCategories
FNDA:0,findCategoryById
FNDA:0,createCategory
FNDA:0,updateCategory
FNDA:0,deleteCategory
DA:4,0
DA:9,0
DA:13,0
DA:19,0
DA:23,0
DA:29,0
DA:33,0
DA:34,0
DA:35,0
DA:37,0
DA:38,0
DA:39,0
DA:42,0
DA:44,0
DA:46,0
DA:54,0
DA:58,0
DA:59,0
LF:18
LH:0
BRDA:19,0,0,0
BRDA:19,0,1,0
BRDA:37,1,0,0
BRDA:37,1,1,0
BRDA:42,2,0,0
BRDA:42,2,1,0
BRDA:54,3,0,0
BRDA:54,3,1,0
BRF:8
BRH:0
end_of_record
TN:
SF:src\repositories\orders.repo.js
FN:3,findAllOrders
FN:20,findOrderById
FN:38,createOrder
FN:48,updateOrder
FN:81,deleteOrder
FN:87,userExists
FNF:6
FNH:0
FNDA:0,findAllOrders
FNDA:0,findOrderById
FNDA:0,createOrder
FNDA:0,updateOrder
FNDA:0,deleteOrder
FNDA:0,userExists
DA:4,0
DA:17,0
DA:21,0
DA:35,0
DA:39,0
DA:45,0
DA:49,0
DA:50,0
DA:51,0
DA:53,0
DA:54,0
DA:55,0
DA:57,0
DA:58,0
DA:59,0
DA:61,0
DA:62,0
DA:63,0
DA:66,0
DA:68,0
DA:70,0
DA:78,0
DA:82,0
DA:83,0
DA:88,0
DA:89,0
LF:26
LH:0
BRDA:35,0,0,0
BRDA:35,0,1,0
BRDA:43,1,0,0
BRDA:43,1,1,0
BRDA:53,2,0,0
BRDA:53,2,1,0
BRDA:57,3,0,0
BRDA:57,3,1,0
BRDA:61,4,0,0
BRDA:61,4,1,0
BRDA:66,5,0,0
BRDA:66,5,1,0
BRDA:78,6,0,0
BRDA:78,6,1,0
BRF:14
BRH:0
end_of_record
TN:
SF:src\repositories\products.repo.js
FN:3,findAllProducts
FN:19,findProductById
FN:36,createProduct
FN:46,updateProduct
FN:79,deleteProduct
FN:85,categoryExists
FNF:6
FNH:0
FNDA:0,findAllProducts
FNDA:0,findProductById
FNDA:0,createProduct
FNDA:0,updateProduct
FNDA:0,deleteProduct
FNDA:0,categoryExists
DA:4,0
DA:16,0
DA:20,0
DA:33,0
DA:37,0
DA:43,0
DA:47,0
DA:48,0
DA:49,0
DA:51,0
DA:52,0
DA:53,0
DA:55,0
DA:56,0
DA:57,0
DA:59,0
DA:60,0
DA:61,0
DA:64,0
DA:66,0
DA:68,0
DA:76,0
DA:80,0
DA:81,0
DA:86,0
DA:87,0
LF:26
LH:0
BRDA:33,0,0,0
BRDA:33,0,1,0
BRDA:51,1,0,0
BRDA:51,1,1,0
BRDA:55,2,0,0
BRDA:55,2,1,0
BRDA:59,3,0,0
BRDA:59,3,1,0
BRDA:64,4,0,0
BRDA:64,4,1,0
BRDA:76,5,0,0
BRDA:76,5,1,0
BRF:12
BRH:0
end_of_record
TN:
SF:src\repositories\reviews.repo.js
FN:3,findAllReviews
FN:22,findReviewById
FN:42,createReview
FN:52,updateReview
FN:81,deleteReview
FN:87,userExists
FN:92,productExists
FNF:7
FNH:0
FNDA:0,findAllReviews
FNDA:0,findReviewById
FNDA:0,createReview
FNDA:0,updateReview
FNDA:0,deleteReview
FNDA:0,userExists
FNDA:0,productExists
DA:4,0
DA:19,0
DA:23,0
DA:39,0
DA:43,0
DA:49,0
DA:53,0
DA:54,0
DA:55,0
DA:57,0
DA:58,0
DA:59,0
DA:61,0
DA:62,0
DA:63,0
DA:66,0
DA:68,0
DA:70,0
DA:78,0
DA:82,0
DA:83,0
DA:88,0
DA:89,0
DA:93,0
DA:94,0
LF:25
LH:0
BRDA:39,0,0,0
BRDA:39,0,1,0
BRDA:47,1,0,0
BRDA:47,1,1,0
BRDA:57,2,0,0
BRDA:57,2,1,0
BRDA:61,3,0,0
BRDA:61,3,1,0
BRDA:66,4,0,0
BRDA:66,4,1,0
BRDA:78,5,0,0
BRDA:78,5,1,0
BRF:12
BRH:0
end_of_record
TN:
SF:src\repositories\users.repo.js
FN:3,findAllUsers
FN:12,findUserById
FN:22,createUser
FN:32,updateUser
FN:62,deleteUser
FNF:5
FNH:0
FNDA:0,findAllUsers
FNDA:0,findUserById
FNDA:0,createUser
FNDA:0,updateUser
FNDA:0,deleteUser
DA:4,0
DA:9,0
DA:13,0
DA:19,0
DA:23,0
DA:29,0
DA:33,0
DA:34,0
DA:35,0
DA:37,0
DA:38,0
DA:39,0
DA:41,0
DA:42,0
DA:43,0
DA:47,0
DA:49,0
DA:51,0
DA:59,0
DA:63,0
DA:64,0
LF:21
LH:0
BRDA:19,0,0,0
BRDA:19,0,1,0
BRDA:37,1,0,0
BRDA:37,1,1,0
BRDA:41,2,0,0
BRDA:41,2,1,0
BRDA:47,3,0,0
BRDA:47,3,1,0
BRDA:59,4,0,0
BRDA:59,4,1,0
BRF:10
BRH:0
end_of_record
TN:
SF:src\routes\categories.routes.js
FNF:0
FNH:0
DA:4,7
DA:14,7
DA:30,7
DA:50,7
DA:75,7
DA:91,7
LF:6
LH:6
BRF:0
BRH:0
end_of_record
TN:
SF:src\routes\health.routes.js
FN:17,(anonymous_0)
FNF:1
FNH:1
FNDA:1,(anonymous_0)
DA:4,7
DA:17,7
DA:18,1
DA:19,1
DA:20,0
DA:22,1
LF:6
LH:5
BRF:0
BRH:0
end_of_record
TN:
SF:src\routes\index.js
FNF:0
FNH:0
DA:9,7
DA:11,7
DA:12,7
DA:13,7
DA:14,7
DA:15,7
DA:16,7
LF:7
LH:7
BRF:0
BRH:0
end_of_record
TN:
SF:src\routes\orders.routes.js
FNF:0
FNH:0
DA:4,7
DA:14,7
DA:30,7
DA:52,7
DA:79,7
DA:95,7
LF:6
LH:6
BRF:0
BRH:0
end_of_record
TN:
SF:src\routes\products.routes.js
FNF:0
FNH:0
DA:4,7
DA:14,7
DA:30,7
DA:52,7
DA:79,7
DA:95,7
LF:6
LH:6
BRF:0
BRH:0
end_of_record
TN:
SF:src\routes\reviews.routes.js
FNF:0
FNH:0
DA:4,7
DA:14,7
DA:30,7
DA:53,7
DA:79,7
DA:95,7
LF:6
LH:6
BRF:0
BRH:0
end_of_record
TN:
SF:src\routes\users.routes.js
FNF:0
FNH:0
DA:4,7
DA:15,7
DA:31,7
DA:52,7
DA:78,7
DA:94,7
LF:6
LH:6
BRF:0
BRH:0
end_of_record
TN:
SF:src\services\categories.service.js
FN:4,listCategories
FN:8,getCategory
FN:12,addCategory
FN:27,editCategory
FN:39,removeCategory
FNF:5
FNH:0
FNDA:0,listCategories
FNDA:0,getCategory
FNDA:0,addCategory
FNDA:0,editCategory
FNDA:0,removeCategory
DA:5,0
DA:9,0
DA:13,0
DA:14,0
DA:15,0
DA:18,0
DA:19,0
DA:20,0
DA:23,0
DA:28,0
DA:29,0
DA:30,0
DA:33,0
DA:34,0
DA:36,0
DA:40,0
DA:41,0
DA:42,0
LF:18
LH:0
BRDA:14,0,0,0
BRDA:14,0,1,0
BRDA:29,1,0,0
BRDA:29,1,1,0
BRDA:34,2,0,0
BRDA:34,2,1,0
BRDA:41,3,0,0
BRDA:41,3,1,0
BRF:8
BRH:0
end_of_record
TN:
SF:src\services\orders.service.js
FN:4,listOrders
FN:8,getOrder
FN:12,addOrder
FN:25,editOrder
FN:42,removeOrder
FNF:5
FNH:0
FNDA:0,listOrders
FNDA:0,getOrder
FNDA:0,addOrder
FNDA:0,editOrder
FNDA:0,removeOrder
DA:5,0
DA:9,0
DA:13,0
DA:14,0
DA:15,0
DA:18,0
DA:19,0
DA:21,0
DA:22,0
DA:26,0
DA:27,0
DA:28,0
DA:31,0
DA:32,0
DA:33,0
DA:36,0
DA:37,0
DA:39,0
DA:43,0
DA:44,0
DA:45,0
LF:21
LH:0
BRDA:14,0,0,0
BRDA:14,0,1,0
BRDA:19,1,0,0
BRDA:19,1,1,0
BRDA:27,2,0,0
BRDA:27,2,1,0
BRDA:31,3,0,0
BRDA:31,3,1,0
BRDA:33,4,0,0
BRDA:33,4,1,0
BRDA:37,5,0,0
BRDA:37,5,1,0
BRDA:44,6,0,0
BRDA:44,6,1,0
BRF:14
BRH:0
end_of_record
TN:
SF:src\services\products.service.js
FN:4,listProducts
FN:8,getProduct
FN:12,addProduct
FN:26,editProduct
FN:43,removeProduct
FNF:5
FNH:0
FNDA:0,listProducts
FNDA:0,getProduct
FNDA:0,addProduct
FNDA:0,editProduct
FNDA:0,removeProduct
DA:5,0
DA:9,0
DA:13,0
DA:14,0
DA:15,0
DA:19,0
DA:20,0
DA:22,0
DA:23,0
DA:27,0
DA:28,0
DA:29,0
DA:32,0
DA:33,0
DA:34,0
DA:37,0
DA:38,0
DA:40,0
DA:44,0
DA:45,0
DA:46,0
LF:21
LH:0
BRDA:14,0,0,0
BRDA:14,0,1,0
BRDA:20,1,0,0
BRDA:20,1,1,0
BRDA:28,2,0,0
BRDA:28,2,1,0
BRDA:32,3,0,0
BRDA:32,3,1,0
BRDA:34,4,0,0
BRDA:34,4,1,0
BRDA:38,5,0,0
BRDA:38,5,1,0
BRDA:45,6,0,0
BRDA:45,6,1,0
BRF:14
BRH:0
end_of_record
TN:
SF:src\services\reviews.service.js
FN:4,listReviews
FN:8,getReview
FN:12,addReview
FN:33,editReview
FN:45,removeReview
FNF:5
FNH:0
FNDA:0,listReviews
FNDA:0,getReview
FNDA:0,addReview
FNDA:0,editReview
FNDA:0,removeReview
DA:5,0
DA:9,0
DA:13,0
DA:14,0
DA:15,0
DA:18,0
DA:19,0
DA:21,0
DA:22,0
DA:24,0
DA:25,0
DA:26,0
DA:29,0
DA:34,0
DA:35,0
DA:36,0
DA:39,0
DA:40,0
DA:42,0
DA:46,0
DA:47,0
DA:48,0
LF:22
LH:0
BRDA:14,0,0,0
BRDA:14,0,1,0
BRDA:19,1,0,0
BRDA:19,1,1,0
BRDA:22,2,0,0
BRDA:22,2,1,0
BRDA:35,3,0,0
BRDA:35,3,1,0
BRDA:40,4,0,0
BRDA:40,4,1,0
BRDA:47,5,0,0
BRDA:47,5,1,0
BRF:12
BRH:0
end_of_record
TN:
SF:src\services\users.service.js
FN:4,listUsers
FN:8,getUser
FN:12,addUser
FN:27,editUser
FN:39,removeUser
FNF:5
FNH:0
FNDA:0,listUsers
FNDA:0,getUser
FNDA:0,addUser
FNDA:0,editUser
FNDA:0,removeUser
DA:5,0
DA:9,0
DA:13,0
DA:14,0
DA:15,0
DA:18,0
DA:19,0
DA:20,0
DA:23,0
DA:28,0
DA:29,0
DA:30,0
DA:33,0
DA:34,0
DA:36,0
DA:40,0
DA:41,0
DA:42,0
LF:18
LH:0
BRDA:14,0,0,0
BRDA:14,0,1,0
BRDA:29,1,0,0
BRDA:29,1,1,0
BRDA:34,2,0,0
BRDA:34,2,1,0
BRDA:41,3,0,0
BRDA:41,3,1,0
BRF:8
BRH:0
end_of_record
TN:
SF:src\validators\categories.schema.js
FN:11,(anonymous_0)
FNF:1
FNH:1
FNDA:1,(anonymous_0)
DA:3,8
DA:7,8
DA:11,1
LF:3
LH:3
BRF:0
BRH:0
end_of_record
TN:
SF:src\validators\orders.schema.js
FN:8,(anonymous_0)
FN:17,(anonymous_1)
FN:21,(anonymous_2)
FNF:3
FNH:3
FNDA:2,(anonymous_0)
FNDA:1,(anonymous_1)
FNDA:1,(anonymous_2)
DA:3,8
DA:5,8
DA:8,2
DA:13,8
DA:17,1
DA:21,1
LF:6
LH:6
BRDA:8,0,0,2
BRDA:8,0,1,2
BRDA:17,1,0,1
BRDA:17,1,1,0
BRF:4
BRH:3
end_of_record
TN:
SF:src\validators\products.schema.js
FN:15,(anonymous_0)
FNF:1
FNH:1
FNDA:1,(anonymous_0)
DA:3,8
DA:9,8
DA:15,1
LF:3
LH:3
BRF:0
BRH:0
end_of_record
TN:
SF:src\validators\reviews.schema.js
FN:15,(anonymous_0)
FNF:1
FNH:1
FNDA:1,(anonymous_0)
DA:3,8
DA:10,8
DA:15,1
LF:3
LH:3
BRF:0
BRH:0
end_of_record
TN:
SF:src\validators\users.schema.js
FN:13,(anonymous_0)
FNF:1
FNH:1
FNDA:1,(anonymous_0)
DA:3,8
DA:8,8
DA:13,1
LF:3
LH:3
BRF:0
BRH:0
end_of_record
