TN:
SF:src\app.js
FN:22,(anonymous_0)
FNF:1
FNH:0
FNDA:0,(anonymous_0)
DA:11,7
DA:13,7
DA:14,7
DA:15,7
DA:18,7
DA:20,7
DA:22,7
DA:23,0
LF:8
LH:7
BRF:0
BRH:0
end_of_record
TN:
SF:src\config\db.js
FN:14,query
FN:18,closeDb
FNF:2
FNH:2
FNDA:364,query
FNDA:12,closeDb
DA:4,12
DA:6,12
DA:15,364
DA:19,12
LF:4
LH:4
BRF:0
BRH:0
end_of_record
TN:
SF:src\config\env.js
FNF:0
FNH:0
DA:2,12
DA:4,12
LF:2
LH:2
BRDA:5,0,0,12
BRDA:5,0,1,0
BRDA:6,1,0,12
BRDA:6,1,1,0
BRF:4
BRH:2
end_of_record
TN:
SF:src\controllers\categories.controller.js
FN:3,list
FN:12,getById
FN:23,create
FN:33,update
FN:44,remove
FNF:5
FNH:5
FNDA:1,list
FNDA:3,getById
FNDA:21,create
FNDA:1,update
FNDA:1,remove
DA:4,1
DA:5,1
DA:6,1
DA:8,0
DA:13,3
DA:14,3
DA:15,3
DA:16,3
DA:17,1
DA:19,0
DA:24,21
DA:25,21
DA:26,21
DA:27,20
DA:29,0
DA:34,1
DA:35,1
DA:36,1
DA:37,1
DA:38,1
DA:40,0
DA:45,1
DA:46,1
DA:47,1
DA:48,1
DA:49,1
DA:51,0
LF:27
LH:22
BRDA:16,0,0,2
BRDA:16,0,1,1
BRDA:26,1,0,1
BRDA:26,1,1,20
BRDA:37,2,0,0
BRDA:37,2,1,1
BRDA:48,3,0,0
BRDA:48,3,1,1
BRF:8
BRH:6
end_of_record
TN:
SF:src\controllers\orders.controller.js
FN:3,list
FN:12,getById
FN:23,create
FN:33,update
FN:44,remove
FNF:5
FNH:5
FNDA:2,list
FNDA:3,getById
FNDA:8,create
FNDA:2,update
FNDA:1,remove
DA:4,2
DA:5,2
DA:6,2
DA:8,0
DA:13,3
DA:14,3
DA:15,3
DA:16,3
DA:17,1
DA:19,0
DA:24,8
DA:25,8
DA:26,8
DA:27,7
DA:29,0
DA:34,2
DA:35,2
DA:36,2
DA:37,2
DA:38,1
DA:40,0
DA:45,1
DA:46,1
DA:47,1
DA:48,1
DA:49,1
DA:51,0
LF:27
LH:22
BRDA:16,0,0,2
BRDA:16,0,1,1
BRDA:26,1,0,1
BRDA:26,1,1,7
BRDA:37,2,0,1
BRDA:37,2,1,1
BRDA:48,3,0,0
BRDA:48,3,1,1
BRF:8
BRH:7
end_of_record
TN:
SF:src\controllers\products.controller.js
FN:3,list
FN:12,getById
FN:23,create
FN:33,update
FN:44,remove
FNF:5
FNH:5
FNDA:2,list
FNDA:3,getById
FNDA:15,create
FNDA:1,update
FNDA:1,remove
DA:4,2
DA:5,2
DA:6,2
DA:8,0
DA:13,3
DA:14,3
DA:15,3
DA:16,3
DA:17,1
DA:19,0
DA:24,15
DA:25,15
DA:26,15
DA:27,14
DA:29,0
DA:34,1
DA:35,1
DA:36,1
DA:37,1
DA:38,1
DA:40,0
DA:45,1
DA:46,1
DA:47,1
DA:48,1
DA:49,1
DA:51,0
LF:27
LH:22
BRDA:16,0,0,2
BRDA:16,0,1,1
BRDA:26,1,0,1
BRDA:26,1,1,14
BRDA:37,2,0,0
BRDA:37,2,1,1
BRDA:48,3,0,0
BRDA:48,3,1,1
BRF:8
BRH:6
end_of_record
TN:
SF:src\controllers\reviews.controller.js
FN:3,list
FN:12,getById
FN:23,create
FN:33,update
FN:44,remove
FNF:5
FNH:5
FNDA:2,list
FNDA:3,getById
FNDA:12,create
FNDA:1,update
FNDA:1,remove
DA:4,2
DA:5,2
DA:6,2
DA:8,0
DA:13,3
DA:14,3
DA:15,3
DA:16,3
DA:17,1
DA:19,0
DA:24,12
DA:25,12
DA:26,12
DA:27,8
DA:29,0
DA:34,1
DA:35,1
DA:36,1
DA:37,1
DA:38,1
DA:40,0
DA:45,1
DA:46,1
DA:47,1
DA:48,1
DA:49,1
DA:51,0
LF:27
LH:22
BRDA:16,0,0,2
BRDA:16,0,1,1
BRDA:26,1,0,4
BRDA:26,1,1,8
BRDA:37,2,0,0
BRDA:37,2,1,1
BRDA:48,3,0,0
BRDA:48,3,1,1
BRF:8
BRH:6
end_of_record
TN:
SF:src\controllers\users.controller.js
FN:3,list
FN:12,getById
FN:23,create
FN:33,update
FN:44,remove
FNF:5
FNH:5
FNDA:1,list
FNDA:3,getById
FNDA:23,create
FNDA:1,update
FNDA:1,remove
DA:4,1
DA:5,1
DA:6,1
DA:8,0
DA:13,3
DA:14,3
DA:15,3
DA:16,3
DA:17,1
DA:19,0
DA:24,23
DA:25,23
DA:26,23
DA:27,22
DA:29,0
DA:34,1
DA:35,1
DA:36,1
DA:37,1
DA:38,1
DA:40,0
DA:45,1
DA:46,1
DA:47,1
DA:48,1
DA:49,1
DA:51,0
LF:27
LH:22
BRDA:16,0,0,2
BRDA:16,0,1,1
BRDA:26,1,0,1
BRDA:26,1,1,22
BRDA:37,2,0,0
BRDA:37,2,1,1
BRDA:48,3,0,0
BRDA:48,3,1,1
BRF:8
BRH:6
end_of_record
TN:
SF:src\docs\swagger.js
FNF:0
FNH:0
DA:3,7
DA:19,7
LF:2
LH:2
BRF:0
BRH:0
end_of_record
TN:
SF:src\repositories\categories.repo.js
FN:3,findAllCategories
FN:12,findCategoryById
FN:22,createCategory
FN:32,updateCategory
FN:57,deleteCategory
FNF:5
FNH:5
FNDA:1,findAllCategories
FNDA:3,findCategoryById
FNDA:21,createCategory
FNDA:1,updateCategory
FNDA:1,deleteCategory
DA:4,1
DA:9,1
DA:13,3
DA:19,3
DA:23,21
DA:29,20
DA:33,1
DA:34,1
DA:35,1
DA:37,1
DA:38,1
DA:39,1
DA:42,1
DA:44,1
DA:46,1
DA:54,1
DA:58,1
DA:59,1
LF:18
LH:18
BRDA:19,0,0,3
BRDA:19,0,1,2
BRDA:37,1,0,1
BRDA:37,1,1,0
BRDA:42,2,0,0
BRDA:42,2,1,1
BRDA:54,3,0,1
BRDA:54,3,1,0
BRF:8
BRH:5
end_of_record
TN:
SF:src\repositories\orders.repo.js
FN:3,findAllOrders
FN:20,findOrderById
FN:38,createOrder
FN:48,updateOrder
FN:81,deleteOrder
FN:87,userExists
FNF:6
FNH:6
FNDA:2,findAllOrders
FNDA:3,findOrderById
FNDA:7,createOrder
FNDA:1,updateOrder
FNDA:1,deleteOrder
FNDA:8,userExists
DA:4,2
DA:17,2
DA:21,3
DA:35,3
DA:39,7
DA:45,7
DA:49,1
DA:50,1
DA:51,1
DA:53,1
DA:54,0
DA:55,0
DA:57,1
DA:58,0
DA:59,0
DA:61,1
DA:62,1
DA:63,1
DA:66,1
DA:68,1
DA:70,1
DA:78,1
DA:82,1
DA:83,1
DA:88,8
DA:89,8
LF:26
LH:22
BRDA:35,0,0,3
BRDA:35,0,1,2
BRDA:43,1,0,7
BRDA:43,1,1,0
BRDA:53,2,0,0
BRDA:53,2,1,1
BRDA:57,3,0,0
BRDA:57,3,1,1
BRDA:61,4,0,1
BRDA:61,4,1,0
BRDA:66,5,0,0
BRDA:66,5,1,1
BRDA:78,6,0,1
BRDA:78,6,1,0
BRF:14
BRH:8
end_of_record
TN:
SF:src\repositories\products.repo.js
FN:3,findAllProducts
FN:19,findProductById
FN:36,createProduct
FN:46,updateProduct
FN:79,deleteProduct
FN:85,categoryExists
FNF:6
FNH:6
FNDA:2,findAllProducts
FNDA:3,findProductById
FNDA:14,createProduct
FNDA:1,updateProduct
FNDA:1,deleteProduct
FNDA:15,categoryExists
DA:4,2
DA:16,2
DA:20,3
DA:33,3
DA:37,14
DA:43,14
DA:47,1
DA:48,1
DA:49,1
DA:51,1
DA:52,1
DA:53,1
DA:55,1
DA:56,1
DA:57,1
DA:59,1
DA:60,0
DA:61,0
DA:64,1
DA:66,1
DA:68,1
DA:76,1
DA:80,1
DA:81,1
DA:86,15
DA:87,15
LF:26
LH:24
BRDA:33,0,0,3
BRDA:33,0,1,2
BRDA:51,1,0,1
BRDA:51,1,1,0
BRDA:55,2,0,1
BRDA:55,2,1,0
BRDA:59,3,0,0
BRDA:59,3,1,1
BRDA:64,4,0,0
BRDA:64,4,1,1
BRDA:76,5,0,1
BRDA:76,5,1,0
BRF:12
BRH:7
end_of_record
TN:
SF:src\repositories\reviews.repo.js
FN:3,findAllReviews
FN:22,findReviewById
FN:42,createReview
FN:52,updateReview
FN:81,deleteReview
FN:87,userExists
FN:92,productExists
FNF:7
FNH:7
FNDA:2,findAllReviews
FNDA:3,findReviewById
FNDA:10,createReview
FNDA:1,updateReview
FNDA:1,deleteReview
FNDA:11,userExists
FNDA:11,productExists
DA:4,2
DA:19,2
DA:23,3
DA:39,3
DA:43,10
DA:49,8
DA:53,1
DA:54,1
DA:55,1
DA:57,1
DA:58,1
DA:59,1
DA:61,1
DA:62,0
DA:63,0
DA:66,1
DA:68,1
DA:70,1
DA:78,1
DA:82,1
DA:83,1
DA:88,11
DA:89,11
DA:93,11
DA:94,11
LF:25
LH:23
BRDA:39,0,0,3
BRDA:39,0,1,2
BRDA:47,1,0,10
BRDA:47,1,1,4
BRDA:57,2,0,1
BRDA:57,2,1,0
BRDA:61,3,0,0
BRDA:61,3,1,1
BRDA:66,4,0,0
BRDA:66,4,1,1
BRDA:78,5,0,1
BRDA:78,5,1,0
BRF:12
BRH:8
end_of_record
TN:
SF:src\repositories\users.repo.js
FN:3,findAllUsers
FN:12,findUserById
FN:22,createUser
FN:32,updateUser
FN:62,deleteUser
FNF:5
FNH:5
FNDA:1,findAllUsers
FNDA:3,findUserById
FNDA:23,createUser
FNDA:1,updateUser
FNDA:1,deleteUser
DA:4,1
DA:9,1
DA:13,3
DA:19,3
DA:23,23
DA:29,22
DA:33,1
DA:34,1
DA:35,1
DA:37,1
DA:38,0
DA:39,0
DA:41,1
DA:42,1
DA:43,1
DA:47,1
DA:49,1
DA:51,1
DA:59,1
DA:63,1
DA:64,1
LF:21
LH:19
BRDA:19,0,0,3
BRDA:19,0,1,2
BRDA:37,1,0,0
BRDA:37,1,1,1
BRDA:41,2,0,1
BRDA:41,2,1,0
BRDA:47,3,0,0
BRDA:47,3,1,1
BRDA:59,4,0,1
BRDA:59,4,1,0
BRF:10
BRH:6
end_of_record
TN:
SF:src\routes\categories.routes.js
FNF:0
FNH:0
DA:4,7
DA:14,7
DA:30,7
DA:50,7
DA:75,7
DA:91,7
LF:6
LH:6
BRF:0
BRH:0
end_of_record
TN:
SF:src\routes\health.routes.js
FN:17,(anonymous_0)
FNF:1
FNH:1
FNDA:1,(anonymous_0)
DA:4,7
DA:17,7
DA:18,1
DA:19,1
DA:20,1
DA:22,0
LF:6
LH:5
BRF:0
BRH:0
end_of_record
TN:
SF:src\routes\index.js
FNF:0
FNH:0
DA:9,7
DA:11,7
DA:12,7
DA:13,7
DA:14,7
DA:15,7
DA:16,7
LF:7
LH:7
BRF:0
BRH:0
end_of_record
TN:
SF:src\routes\orders.routes.js
FNF:0
FNH:0
DA:4,7
DA:14,7
DA:30,7
DA:52,7
DA:79,7
DA:95,7
LF:6
LH:6
BRF:0
BRH:0
end_of_record
TN:
SF:src\routes\products.routes.js
FNF:0
FNH:0
DA:4,7
DA:14,7
DA:30,7
DA:52,7
DA:79,7
DA:95,7
LF:6
LH:6
BRF:0
BRH:0
end_of_record
TN:
SF:src\routes\reviews.routes.js
FNF:0
FNH:0
DA:4,7
DA:14,7
DA:30,7
DA:53,7
DA:79,7
DA:95,7
LF:6
LH:6
BRF:0
BRH:0
end_of_record
TN:
SF:src\routes\users.routes.js
FNF:0
FNH:0
DA:4,7
DA:15,7
DA:31,7
DA:52,7
DA:78,7
DA:94,7
LF:6
LH:6
BRF:0
BRH:0
end_of_record
TN:
SF:src\services\categories.service.js
FN:4,listCategories
FN:8,getCategory
FN:12,addCategory
FN:27,editCategory
FN:39,removeCategory
FNF:5
FNH:5
FNDA:1,listCategories
FNDA:3,getCategory
FNDA:21,addCategory
FNDA:1,editCategory
FNDA:1,removeCategory
DA:5,1
DA:9,3
DA:13,21
DA:14,21
DA:15,0
DA:18,21
DA:19,21
DA:20,20
DA:23,1
DA:28,1
DA:29,1
DA:30,0
DA:33,1
DA:34,1
DA:36,1
DA:40,1
DA:41,1
DA:42,1
LF:18
LH:16
BRDA:14,0,0,0
BRDA:14,0,1,21
BRDA:29,1,0,0
BRDA:29,1,1,1
BRDA:34,2,0,0
BRDA:34,2,1,1
BRDA:41,3,0,0
BRDA:41,3,1,1
BRF:8
BRH:4
end_of_record
TN:
SF:src\services\orders.service.js
FN:4,listOrders
FN:8,getOrder
FN:12,addOrder
FN:25,editOrder
FN:42,removeOrder
FNF:5
FNH:5
FNDA:2,listOrders
FNDA:3,getOrder
FNDA:8,addOrder
FNDA:2,editOrder
FNDA:1,removeOrder
DA:5,2
DA:9,3
DA:13,8
DA:14,8
DA:15,0
DA:18,8
DA:19,8
DA:21,7
DA:22,7
DA:26,2
DA:27,2
DA:28,1
DA:31,1
DA:32,0
DA:33,0
DA:36,1
DA:37,1
DA:39,1
DA:43,1
DA:44,1
DA:45,1
LF:21
LH:18
BRDA:14,0,0,0
BRDA:14,0,1,8
BRDA:19,1,0,1
BRDA:19,1,1,7
BRDA:27,2,0,1
BRDA:27,2,1,1
BRDA:31,3,0,0
BRDA:31,3,1,1
BRDA:33,4,0,0
BRDA:33,4,1,0
BRDA:37,5,0,0
BRDA:37,5,1,1
BRDA:44,6,0,0
BRDA:44,6,1,1
BRF:14
BRH:8
end_of_record
TN:
SF:src\services\products.service.js
FN:4,listProducts
FN:8,getProduct
FN:12,addProduct
FN:26,editProduct
FN:43,removeProduct
FNF:5
FNH:5
FNDA:2,listProducts
FNDA:3,getProduct
FNDA:15,addProduct
FNDA:1,editProduct
FNDA:1,removeProduct
DA:5,2
DA:9,3
DA:13,15
DA:14,15
DA:15,0
DA:19,15
DA:20,15
DA:22,14
DA:23,14
DA:27,1
DA:28,1
DA:29,0
DA:32,1
DA:33,0
DA:34,0
DA:37,1
DA:38,1
DA:40,1
DA:44,1
DA:45,1
DA:46,1
LF:21
LH:17
BRDA:14,0,0,0
BRDA:14,0,1,15
BRDA:20,1,0,1
BRDA:20,1,1,14
BRDA:28,2,0,0
BRDA:28,2,1,1
BRDA:32,3,0,0
BRDA:32,3,1,1
BRDA:34,4,0,0
BRDA:34,4,1,0
BRDA:38,5,0,0
BRDA:38,5,1,1
BRDA:45,6,0,0
BRDA:45,6,1,1
BRF:14
BRH:7
end_of_record
TN:
SF:src\services\reviews.service.js
FN:4,listReviews
FN:8,getReview
FN:12,addReview
FN:33,editReview
FN:45,removeReview
FNF:5
FNH:5
FNDA:2,listReviews
FNDA:3,getReview
FNDA:12,addReview
FNDA:1,editReview
FNDA:1,removeReview
DA:5,2
DA:9,3
DA:13,12
DA:14,12
DA:15,1
DA:18,11
DA:19,11
DA:21,11
DA:22,11
DA:24,10
DA:25,10
DA:26,8
DA:29,2
DA:34,1
DA:35,1
DA:36,0
DA:39,1
DA:40,1
DA:42,1
DA:46,1
DA:47,1
DA:48,1
LF:22
LH:21
BRDA:14,0,0,1
BRDA:14,0,1,11
BRDA:19,1,0,0
BRDA:19,1,1,11
BRDA:22,2,0,1
BRDA:22,2,1,10
BRDA:35,3,0,0
BRDA:35,3,1,1
BRDA:40,4,0,0
BRDA:40,4,1,1
BRDA:47,5,0,0
BRDA:47,5,1,1
BRF:12
BRH:8
end_of_record
TN:
SF:src\services\users.service.js
FN:4,listUsers
FN:8,getUser
FN:12,addUser
FN:27,editUser
FN:39,removeUser
FNF:5
FNH:5
FNDA:1,listUsers
FNDA:3,getUser
FNDA:23,addUser
FNDA:1,editUser
FNDA:1,removeUser
DA:5,1
DA:9,3
DA:13,23
DA:14,23
DA:15,0
DA:18,23
DA:19,23
DA:20,22
DA:23,1
DA:28,1
DA:29,1
DA:30,0
DA:33,1
DA:34,1
DA:36,1
DA:40,1
DA:41,1
DA:42,1
LF:18
LH:16
BRDA:14,0,0,0
BRDA:14,0,1,23
BRDA:29,1,0,0
BRDA:29,1,1,1
BRDA:34,2,0,0
BRDA:34,2,1,1
BRDA:41,3,0,0
BRDA:41,3,1,1
BRF:8
BRH:4
end_of_record
TN:
SF:src\validators\categories.schema.js
FN:11,(anonymous_0)
FNF:1
FNH:1
FNDA:2,(anonymous_0)
DA:3,8
DA:7,8
DA:11,2
LF:3
LH:3
BRF:0
BRH:0
end_of_record
TN:
SF:src\validators\orders.schema.js
FN:8,(anonymous_0)
FN:17,(anonymous_1)
FN:21,(anonymous_2)
FNF:3
FNH:3
FNDA:10,(anonymous_0)
FNDA:3,(anonymous_1)
FNDA:3,(anonymous_2)
DA:3,8
DA:5,8
DA:8,10
DA:13,8
DA:17,3
DA:21,3
LF:6
LH:6
BRDA:8,0,0,10
BRDA:8,0,1,10
BRDA:17,1,0,3
BRDA:17,1,1,2
BRF:4
BRH:4
end_of_record
TN:
SF:src\validators\products.schema.js
FN:15,(anonymous_0)
FNF:1
FNH:1
FNDA:2,(anonymous_0)
DA:3,8
DA:9,8
DA:15,2
LF:3
LH:3
BRF:0
BRH:0
end_of_record
TN:
SF:src\validators\reviews.schema.js
FN:15,(anonymous_0)
FNF:1
FNH:1
FNDA:2,(anonymous_0)
DA:3,8
DA:10,8
DA:15,2
LF:3
LH:3
BRF:0
BRH:0
end_of_record
TN:
SF:src\validators\users.schema.js
FN:13,(anonymous_0)
FNF:1
FNH:1
FNDA:2,(anonymous_0)
DA:3,8
DA:8,8
DA:13,2
LF:3
LH:3
BRF:0
BRH:0
end_of_record
